2025-04-03 09:49:34,273 INFO o.a.j.u.JMeterUtils: Setting Locale to fr_FR
2025-04-03 09:49:34,508 INFO o.a.j.u.JMeterUtils: Could not find resources for 'fr_FR', using 'fr'
2025-04-03 09:49:34,511 INFO o.a.j.JMeter: Loading system properties from: system.properties
2025-04-03 09:49:34,527 INFO o.a.j.JMeter: Copyright (c) 1998-2024 The Apache Software Foundation
2025-04-03 09:49:34,527 INFO o.a.j.JMeter: Version 5.6.3
2025-04-03 09:49:34,527 INFO o.a.j.JMeter: java.version=21.0.2
2025-04-03 09:49:34,527 INFO o.a.j.JMeter: java.vm.name=Java HotSpot(TM) 64-Bit Server VM
2025-04-03 09:49:34,527 INFO o.a.j.JMeter: os.name=Windows 11
2025-04-03 09:49:34,527 INFO o.a.j.JMeter: os.arch=amd64
2025-04-03 09:49:34,527 INFO o.a.j.JMeter: os.version=10.0
2025-04-03 09:49:34,528 INFO o.a.j.JMeter: file.encoding=UTF-8
2025-04-03 09:49:34,529 INFO o.a.j.JMeter: java.awt.headless=null
2025-04-03 09:49:34,529 INFO o.a.j.JMeter: Max memory     =536870912
2025-04-03 09:49:34,529 INFO o.a.j.JMeter: Available Processors =4
2025-04-03 09:49:34,684 INFO o.a.j.JMeter: Default Locale=français (France)
2025-04-03 09:49:34,685 INFO o.a.j.JMeter: JMeter  Locale=français (France)
2025-04-03 09:49:34,685 INFO o.a.j.JMeter: JMeterHome=C:\Users\Arnaud\Documents\Log\JMeterFolder\JMeterSelenium\demo\target\0e371cc3-c392-485f-bc3a-16b78a9aee8e\jmeter
2025-04-03 09:49:34,685 INFO o.a.j.JMeter: user.dir  =C:\Users\Arnaud\Documents\Log\JMeterFolder\JMeterSelenium\demo\target\0e371cc3-c392-485f-bc3a-16b78a9aee8e\jmeter\bin
2025-04-03 09:49:34,686 INFO o.a.j.JMeter: PWD       =C:\Users\Arnaud\Documents\Log\JMeterFolder\JMeterSelenium\demo\target\0e371cc3-c392-485f-bc3a-16b78a9aee8e\jmeter\bin
2025-04-03 09:49:34,712 INFO o.a.j.JMeter: IP: 172.28.192.1 Name: DESKTOP-JRAMTUQ FullName: DESKTOP-JRAMTUQ
2025-04-03 09:49:34,746 INFO o.a.j.JMeter: Loaded icon properties from org/apache/jmeter/images/icon.properties
2025-04-03 09:49:36,483 INFO o.a.j.JMeterGuiLauncher: Setting LAF to: com.github.weisj.darklaf.DarkLaf:com.github.weisj.darklaf.theme.DarculaTheme
2025-04-03 09:49:38,803 INFO o.a.j.r.ClassFinder: Will scan jar C:\Users\Arnaud\Documents\Log\JMeterFolder\JMeterSelenium\demo\target\0e371cc3-c392-485f-bc3a-16b78a9aee8e\jmeter\lib\ext\ApacheJMeter_native-5.5.jar with filter ExtendsClassFilter [parents=[interface org.apache.jmeter.gui.action.Command], inner=false, contains=null, notContains=null]. Consider exposing JMeter plugins via META-INF/services, and add JMeter-Skip-Class-Scanning=true manifest attribute so JMeter can skip classfile scanning
2025-04-03 09:49:38,812 INFO o.a.j.r.ClassFinder: Will scan jar C:\Users\Arnaud\Documents\Log\JMeterFolder\JMeterSelenium\demo\target\0e371cc3-c392-485f-bc3a-16b78a9aee8e\jmeter\lib\ext\ApacheJMeter_bolt-5.5.jar with filter ExtendsClassFilter [parents=[interface org.apache.jmeter.gui.action.Command], inner=false, contains=null, notContains=null]. Consider exposing JMeter plugins via META-INF/services, and add JMeter-Skip-Class-Scanning=true manifest attribute so JMeter can skip classfile scanning
2025-04-03 09:49:38,823 INFO o.a.j.r.ClassFinder: Will scan jar C:\Users\Arnaud\Documents\Log\JMeterFolder\JMeterSelenium\demo\target\0e371cc3-c392-485f-bc3a-16b78a9aee8e\jmeter\lib\ext\ApacheJMeter_junit-5.5.jar with filter ExtendsClassFilter [parents=[interface org.apache.jmeter.gui.action.Command], inner=false, contains=null, notContains=null]. Consider exposing JMeter plugins via META-INF/services, and add JMeter-Skip-Class-Scanning=true manifest attribute so JMeter can skip classfile scanning
2025-04-03 09:49:38,831 INFO o.a.j.r.ClassFinder: Will scan jar C:\Users\Arnaud\Documents\Log\JMeterFolder\JMeterSelenium\demo\target\0e371cc3-c392-485f-bc3a-16b78a9aee8e\jmeter\lib\ext\ApacheJMeter_mail-5.5.jar with filter ExtendsClassFilter [parents=[interface org.apache.jmeter.gui.action.Command], inner=false, contains=null, notContains=null]. Consider exposing JMeter plugins via META-INF/services, and add JMeter-Skip-Class-Scanning=true manifest attribute so JMeter can skip classfile scanning
2025-04-03 09:49:38,860 INFO o.a.j.r.ClassFinder: Will scan jar C:\Users\Arnaud\Documents\Log\JMeterFolder\JMeterSelenium\demo\target\0e371cc3-c392-485f-bc3a-16b78a9aee8e\jmeter\lib\ext\ApacheJMeter_core-5.5.jar with filter ExtendsClassFilter [parents=[interface org.apache.jmeter.gui.action.Command], inner=false, contains=null, notContains=null]. Consider exposing JMeter plugins via META-INF/services, and add JMeter-Skip-Class-Scanning=true manifest attribute so JMeter can skip classfile scanning
2025-04-03 09:49:39,145 INFO o.a.j.r.ClassFinder: Will scan jar C:\Users\Arnaud\Documents\Log\JMeterFolder\JMeterSelenium\demo\target\0e371cc3-c392-485f-bc3a-16b78a9aee8e\jmeter\lib\ext\ApacheJMeter_functions-5.5.jar with filter ExtendsClassFilter [parents=[interface org.apache.jmeter.gui.action.Command], inner=false, contains=null, notContains=null]. Consider exposing JMeter plugins via META-INF/services, and add JMeter-Skip-Class-Scanning=true manifest attribute so JMeter can skip classfile scanning
2025-04-03 09:49:39,189 INFO o.a.j.r.ClassFinder: Will scan jar C:\Users\Arnaud\Documents\Log\JMeterFolder\JMeterSelenium\demo\target\0e371cc3-c392-485f-bc3a-16b78a9aee8e\jmeter\lib\ext\ApacheJMeter_jms-5.5.jar with filter ExtendsClassFilter [parents=[interface org.apache.jmeter.gui.action.Command], inner=false, contains=null, notContains=null]. Consider exposing JMeter plugins via META-INF/services, and add JMeter-Skip-Class-Scanning=true manifest attribute so JMeter can skip classfile scanning
2025-04-03 09:49:39,219 INFO o.a.j.r.ClassFinder: Will scan jar C:\Users\Arnaud\Documents\Log\JMeterFolder\JMeterSelenium\demo\target\0e371cc3-c392-485f-bc3a-16b78a9aee8e\jmeter\lib\ext\ApacheJMeter_http-5.5.jar with filter ExtendsClassFilter [parents=[interface org.apache.jmeter.gui.action.Command], inner=false, contains=null, notContains=null]. Consider exposing JMeter plugins via META-INF/services, and add JMeter-Skip-Class-Scanning=true manifest attribute so JMeter can skip classfile scanning
2025-04-03 09:49:39,362 INFO o.a.j.r.ClassFinder: Will scan jar C:\Users\Arnaud\Documents\Log\JMeterFolder\JMeterSelenium\demo\target\0e371cc3-c392-485f-bc3a-16b78a9aee8e\jmeter\lib\ext\jmeter-plugins-webdriver-4.13.0.2.jar with filter ExtendsClassFilter [parents=[interface org.apache.jmeter.gui.action.Command], inner=false, contains=null, notContains=null]. Consider exposing JMeter plugins via META-INF/services, and add JMeter-Skip-Class-Scanning=true manifest attribute so JMeter can skip classfile scanning
2025-04-03 09:49:39,384 INFO o.a.j.r.ClassFinder: Will scan jar C:\Users\Arnaud\Documents\Log\JMeterFolder\JMeterSelenium\demo\target\0e371cc3-c392-485f-bc3a-16b78a9aee8e\jmeter\lib\ext\ApacheJMeter_mongodb-5.5.jar with filter ExtendsClassFilter [parents=[interface org.apache.jmeter.gui.action.Command], inner=false, contains=null, notContains=null]. Consider exposing JMeter plugins via META-INF/services, and add JMeter-Skip-Class-Scanning=true manifest attribute so JMeter can skip classfile scanning
2025-04-03 09:49:39,393 INFO o.a.j.r.ClassFinder: Will scan jar C:\Users\Arnaud\Documents\Log\JMeterFolder\JMeterSelenium\demo\target\0e371cc3-c392-485f-bc3a-16b78a9aee8e\jmeter\lib\ext\ApacheJMeter_ldap-5.5.jar with filter ExtendsClassFilter [parents=[interface org.apache.jmeter.gui.action.Command], inner=false, contains=null, notContains=null]. Consider exposing JMeter plugins via META-INF/services, and add JMeter-Skip-Class-Scanning=true manifest attribute so JMeter can skip classfile scanning
2025-04-03 09:49:39,406 INFO o.a.j.r.ClassFinder: Will scan jar C:\Users\Arnaud\Documents\Log\JMeterFolder\JMeterSelenium\demo\target\0e371cc3-c392-485f-bc3a-16b78a9aee8e\jmeter\lib\ext\ApacheJMeter_components-5.5.jar with filter ExtendsClassFilter [parents=[interface org.apache.jmeter.gui.action.Command], inner=false, contains=null, notContains=null]. Consider exposing JMeter plugins via META-INF/services, and add JMeter-Skip-Class-Scanning=true manifest attribute so JMeter can skip classfile scanning
2025-04-03 09:49:39,645 INFO o.a.j.r.ClassFinder: Will scan jar C:\Users\Arnaud\Documents\Log\JMeterFolder\JMeterSelenium\demo\target\0e371cc3-c392-485f-bc3a-16b78a9aee8e\jmeter\lib\ext\ApacheJMeter_jdbc-5.5.jar with filter ExtendsClassFilter [parents=[interface org.apache.jmeter.gui.action.Command], inner=false, contains=null, notContains=null]. Consider exposing JMeter plugins via META-INF/services, and add JMeter-Skip-Class-Scanning=true manifest attribute so JMeter can skip classfile scanning
2025-04-03 09:49:39,655 INFO o.a.j.r.ClassFinder: Will scan jar C:\Users\Arnaud\Documents\Log\JMeterFolder\JMeterSelenium\demo\target\0e371cc3-c392-485f-bc3a-16b78a9aee8e\jmeter\lib\ext\ApacheJMeter_java-5.5.jar with filter ExtendsClassFilter [parents=[interface org.apache.jmeter.gui.action.Command], inner=false, contains=null, notContains=null]. Consider exposing JMeter plugins via META-INF/services, and add JMeter-Skip-Class-Scanning=true manifest attribute so JMeter can skip classfile scanning
2025-04-03 09:49:39,673 INFO o.a.j.r.ClassFinder: Will scan jar C:\Users\Arnaud\Documents\Log\JMeterFolder\JMeterSelenium\demo\target\0e371cc3-c392-485f-bc3a-16b78a9aee8e\jmeter\lib\ext\ApacheJMeter_tcp-5.5.jar with filter ExtendsClassFilter [parents=[interface org.apache.jmeter.gui.action.Command], inner=false, contains=null, notContains=null]. Consider exposing JMeter plugins via META-INF/services, and add JMeter-Skip-Class-Scanning=true manifest attribute so JMeter can skip classfile scanning
2025-04-03 09:49:39,684 INFO o.a.j.r.ClassFinder: Will scan jar C:\Users\Arnaud\Documents\Log\JMeterFolder\JMeterSelenium\demo\target\0e371cc3-c392-485f-bc3a-16b78a9aee8e\jmeter\lib\ext\ApacheJMeter_ftp-5.5.jar with filter ExtendsClassFilter [parents=[interface org.apache.jmeter.gui.action.Command], inner=false, contains=null, notContains=null]. Consider exposing JMeter plugins via META-INF/services, and add JMeter-Skip-Class-Scanning=true manifest attribute so JMeter can skip classfile scanning
2025-04-03 09:49:40,720 INFO o.a.j.r.ClassFinder: Will scan jar C:\Users\Arnaud\Documents\Log\JMeterFolder\JMeterSelenium\demo\target\0e371cc3-c392-485f-bc3a-16b78a9aee8e\jmeter\lib\ext\ApacheJMeter_native-5.5.jar with filter ExtendsClassFilter [parents=[interface org.apache.jmeter.gui.plugin.MenuCreator], inner=false, contains=null, notContains=null]. Consider exposing JMeter plugins via META-INF/services, and add JMeter-Skip-Class-Scanning=true manifest attribute so JMeter can skip classfile scanning
2025-04-03 09:49:40,722 INFO o.a.j.r.ClassFinder: Will scan jar C:\Users\Arnaud\Documents\Log\JMeterFolder\JMeterSelenium\demo\target\0e371cc3-c392-485f-bc3a-16b78a9aee8e\jmeter\lib\ext\ApacheJMeter_bolt-5.5.jar with filter ExtendsClassFilter [parents=[interface org.apache.jmeter.gui.plugin.MenuCreator], inner=false, contains=null, notContains=null]. Consider exposing JMeter plugins via META-INF/services, and add JMeter-Skip-Class-Scanning=true manifest attribute so JMeter can skip classfile scanning
2025-04-03 09:49:40,723 INFO o.a.j.r.ClassFinder: Will scan jar C:\Users\Arnaud\Documents\Log\JMeterFolder\JMeterSelenium\demo\target\0e371cc3-c392-485f-bc3a-16b78a9aee8e\jmeter\lib\ext\ApacheJMeter_junit-5.5.jar with filter ExtendsClassFilter [parents=[interface org.apache.jmeter.gui.plugin.MenuCreator], inner=false, contains=null, notContains=null]. Consider exposing JMeter plugins via META-INF/services, and add JMeter-Skip-Class-Scanning=true manifest attribute so JMeter can skip classfile scanning
2025-04-03 09:49:40,725 INFO o.a.j.r.ClassFinder: Will scan jar C:\Users\Arnaud\Documents\Log\JMeterFolder\JMeterSelenium\demo\target\0e371cc3-c392-485f-bc3a-16b78a9aee8e\jmeter\lib\ext\ApacheJMeter_mail-5.5.jar with filter ExtendsClassFilter [parents=[interface org.apache.jmeter.gui.plugin.MenuCreator], inner=false, contains=null, notContains=null]. Consider exposing JMeter plugins via META-INF/services, and add JMeter-Skip-Class-Scanning=true manifest attribute so JMeter can skip classfile scanning
2025-04-03 09:49:40,726 INFO o.a.j.r.ClassFinder: Will scan jar C:\Users\Arnaud\Documents\Log\JMeterFolder\JMeterSelenium\demo\target\0e371cc3-c392-485f-bc3a-16b78a9aee8e\jmeter\lib\ext\ApacheJMeter_core-5.5.jar with filter ExtendsClassFilter [parents=[interface org.apache.jmeter.gui.plugin.MenuCreator], inner=false, contains=null, notContains=null]. Consider exposing JMeter plugins via META-INF/services, and add JMeter-Skip-Class-Scanning=true manifest attribute so JMeter can skip classfile scanning
2025-04-03 09:49:40,730 INFO o.a.j.r.ClassFinder: Will scan jar C:\Users\Arnaud\Documents\Log\JMeterFolder\JMeterSelenium\demo\target\0e371cc3-c392-485f-bc3a-16b78a9aee8e\jmeter\lib\ext\ApacheJMeter_functions-5.5.jar with filter ExtendsClassFilter [parents=[interface org.apache.jmeter.gui.plugin.MenuCreator], inner=false, contains=null, notContains=null]. Consider exposing JMeter plugins via META-INF/services, and add JMeter-Skip-Class-Scanning=true manifest attribute so JMeter can skip classfile scanning
2025-04-03 09:49:40,732 INFO o.a.j.r.ClassFinder: Will scan jar C:\Users\Arnaud\Documents\Log\JMeterFolder\JMeterSelenium\demo\target\0e371cc3-c392-485f-bc3a-16b78a9aee8e\jmeter\lib\ext\ApacheJMeter_jms-5.5.jar with filter ExtendsClassFilter [parents=[interface org.apache.jmeter.gui.plugin.MenuCreator], inner=false, contains=null, notContains=null]. Consider exposing JMeter plugins via META-INF/services, and add JMeter-Skip-Class-Scanning=true manifest attribute so JMeter can skip classfile scanning
2025-04-03 09:49:40,734 INFO o.a.j.r.ClassFinder: Will scan jar C:\Users\Arnaud\Documents\Log\JMeterFolder\JMeterSelenium\demo\target\0e371cc3-c392-485f-bc3a-16b78a9aee8e\jmeter\lib\ext\ApacheJMeter_http-5.5.jar with filter ExtendsClassFilter [parents=[interface org.apache.jmeter.gui.plugin.MenuCreator], inner=false, contains=null, notContains=null]. Consider exposing JMeter plugins via META-INF/services, and add JMeter-Skip-Class-Scanning=true manifest attribute so JMeter can skip classfile scanning
2025-04-03 09:49:40,735 INFO o.a.j.r.ClassFinder: Will scan jar C:\Users\Arnaud\Documents\Log\JMeterFolder\JMeterSelenium\demo\target\0e371cc3-c392-485f-bc3a-16b78a9aee8e\jmeter\lib\ext\jmeter-plugins-webdriver-4.13.0.2.jar with filter ExtendsClassFilter [parents=[interface org.apache.jmeter.gui.plugin.MenuCreator], inner=false, contains=null, notContains=null]. Consider exposing JMeter plugins via META-INF/services, and add JMeter-Skip-Class-Scanning=true manifest attribute so JMeter can skip classfile scanning
2025-04-03 09:49:40,737 INFO o.a.j.r.ClassFinder: Will scan jar C:\Users\Arnaud\Documents\Log\JMeterFolder\JMeterSelenium\demo\target\0e371cc3-c392-485f-bc3a-16b78a9aee8e\jmeter\lib\ext\ApacheJMeter_mongodb-5.5.jar with filter ExtendsClassFilter [parents=[interface org.apache.jmeter.gui.plugin.MenuCreator], inner=false, contains=null, notContains=null]. Consider exposing JMeter plugins via META-INF/services, and add JMeter-Skip-Class-Scanning=true manifest attribute so JMeter can skip classfile scanning
2025-04-03 09:49:40,738 INFO o.a.j.r.ClassFinder: Will scan jar C:\Users\Arnaud\Documents\Log\JMeterFolder\JMeterSelenium\demo\target\0e371cc3-c392-485f-bc3a-16b78a9aee8e\jmeter\lib\ext\ApacheJMeter_ldap-5.5.jar with filter ExtendsClassFilter [parents=[interface org.apache.jmeter.gui.plugin.MenuCreator], inner=false, contains=null, notContains=null]. Consider exposing JMeter plugins via META-INF/services, and add JMeter-Skip-Class-Scanning=true manifest attribute so JMeter can skip classfile scanning
2025-04-03 09:49:40,739 INFO o.a.j.r.ClassFinder: Will scan jar C:\Users\Arnaud\Documents\Log\JMeterFolder\JMeterSelenium\demo\target\0e371cc3-c392-485f-bc3a-16b78a9aee8e\jmeter\lib\ext\ApacheJMeter_components-5.5.jar with filter ExtendsClassFilter [parents=[interface org.apache.jmeter.gui.plugin.MenuCreator], inner=false, contains=null, notContains=null]. Consider exposing JMeter plugins via META-INF/services, and add JMeter-Skip-Class-Scanning=true manifest attribute so JMeter can skip classfile scanning
2025-04-03 09:49:40,742 INFO o.a.j.r.ClassFinder: Will scan jar C:\Users\Arnaud\Documents\Log\JMeterFolder\JMeterSelenium\demo\target\0e371cc3-c392-485f-bc3a-16b78a9aee8e\jmeter\lib\ext\ApacheJMeter_jdbc-5.5.jar with filter ExtendsClassFilter [parents=[interface org.apache.jmeter.gui.plugin.MenuCreator], inner=false, contains=null, notContains=null]. Consider exposing JMeter plugins via META-INF/services, and add JMeter-Skip-Class-Scanning=true manifest attribute so JMeter can skip classfile scanning
2025-04-03 09:49:40,743 INFO o.a.j.r.ClassFinder: Will scan jar C:\Users\Arnaud\Documents\Log\JMeterFolder\JMeterSelenium\demo\target\0e371cc3-c392-485f-bc3a-16b78a9aee8e\jmeter\lib\ext\ApacheJMeter_java-5.5.jar with filter ExtendsClassFilter [parents=[interface org.apache.jmeter.gui.plugin.MenuCreator], inner=false, contains=null, notContains=null]. Consider exposing JMeter plugins via META-INF/services, and add JMeter-Skip-Class-Scanning=true manifest attribute so JMeter can skip classfile scanning
2025-04-03 09:49:40,744 INFO o.a.j.r.ClassFinder: Will scan jar C:\Users\Arnaud\Documents\Log\JMeterFolder\JMeterSelenium\demo\target\0e371cc3-c392-485f-bc3a-16b78a9aee8e\jmeter\lib\ext\ApacheJMeter_tcp-5.5.jar with filter ExtendsClassFilter [parents=[interface org.apache.jmeter.gui.plugin.MenuCreator], inner=false, contains=null, notContains=null]. Consider exposing JMeter plugins via META-INF/services, and add JMeter-Skip-Class-Scanning=true manifest attribute so JMeter can skip classfile scanning
2025-04-03 09:49:40,745 INFO o.a.j.r.ClassFinder: Will scan jar C:\Users\Arnaud\Documents\Log\JMeterFolder\JMeterSelenium\demo\target\0e371cc3-c392-485f-bc3a-16b78a9aee8e\jmeter\lib\ext\ApacheJMeter_ftp-5.5.jar with filter ExtendsClassFilter [parents=[interface org.apache.jmeter.gui.plugin.MenuCreator], inner=false, contains=null, notContains=null]. Consider exposing JMeter plugins via META-INF/services, and add JMeter-Skip-Class-Scanning=true manifest attribute so JMeter can skip classfile scanning
2025-04-03 09:51:53,051 INFO o.a.j.s.FileServer: Default base='C:\Users\Arnaud\Documents\Log\JMeterFolder\JMeterSelenium\demo\target\0e371cc3-c392-485f-bc3a-16b78a9aee8e\jmeter\bin'
2025-04-03 09:51:53,056 INFO o.a.j.g.a.Load: Loading file: C:\Users\Arnaud\Documents\Log\JMeterFolder\JMeterSelenium\demo\src\test\jmeter\SQL.jmx
2025-04-03 09:51:53,056 INFO o.a.j.s.FileServer: Set new base='C:\Users\Arnaud\Documents\Log\JMeterFolder\JMeterSelenium\demo\src\test\jmeter'
2025-04-03 09:51:53,432 INFO o.a.j.s.SaveService: Testplan (JMX) version: 2.2. Testlog (JTL) version: 2.2
2025-04-03 09:51:53,442 INFO o.a.j.s.SaveService: Using SaveService properties version 5.0
2025-04-03 09:51:53,446 INFO o.a.j.s.SaveService: Using SaveService properties file encoding UTF-8
2025-04-03 09:51:53,454 INFO o.a.j.s.SaveService: Loading file: C:\Users\Arnaud\Documents\Log\JMeterFolder\JMeterSelenium\demo\src\test\jmeter\SQL.jmx
2025-04-03 09:51:53,902 INFO o.a.j.s.SampleResult: Note: Sample TimeStamps are START times
2025-04-03 09:51:53,902 INFO o.a.j.s.SampleResult: sampleresult.default.encoding is set to UTF-8
2025-04-03 09:51:53,902 INFO o.a.j.s.SampleResult: sampleresult.useNanoTime=true
2025-04-03 09:51:53,902 INFO o.a.j.s.SampleResult: sampleresult.nanoThreadSleep=5000
2025-04-03 09:51:53,941 INFO o.a.j.v.ViewResultsFullVisualizer: Add JavaFX to your Java installation if you want to use renderer: org.apache.jmeter.visualizers.RenderInBrowser
2025-04-03 09:51:54,110 INFO o.a.j.s.FileServer: Set new base='C:\Users\Arnaud\Documents\Log\JMeterFolder\JMeterSelenium\demo\src\test\jmeter'
2025-04-03 09:52:04,166 INFO o.a.j.e.StandardJMeterEngine: Running the test!
2025-04-03 09:52:04,168 INFO o.a.j.s.SampleEvent: List of sample_variables: []
2025-04-03 09:52:04,168 INFO o.a.j.s.SampleEvent: List of sample_variables: []
2025-04-03 09:52:04,170 INFO o.a.j.e.u.CompoundVariable: Note: Function class names must contain the string: '.functions.'
2025-04-03 09:52:04,170 INFO o.a.j.e.u.CompoundVariable: Note: Function class names must not contain the string: '.gui.'
2025-04-03 09:52:04,173 INFO o.a.j.r.ClassFinder: Will scan jar C:\Users\Arnaud\Documents\Log\JMeterFolder\JMeterSelenium\demo\target\0e371cc3-c392-485f-bc3a-16b78a9aee8e\jmeter\lib\ext\ApacheJMeter_native-5.5.jar with filter ExtendsClassFilter [parents=[interface org.apache.jmeter.functions.Function], inner=false, contains=null, notContains=null]. Consider exposing JMeter plugins via META-INF/services, and add JMeter-Skip-Class-Scanning=true manifest attribute so JMeter can skip classfile scanning
2025-04-03 09:52:04,174 INFO o.a.j.r.ClassFinder: Will scan jar C:\Users\Arnaud\Documents\Log\JMeterFolder\JMeterSelenium\demo\target\0e371cc3-c392-485f-bc3a-16b78a9aee8e\jmeter\lib\ext\ApacheJMeter_bolt-5.5.jar with filter ExtendsClassFilter [parents=[interface org.apache.jmeter.functions.Function], inner=false, contains=null, notContains=null]. Consider exposing JMeter plugins via META-INF/services, and add JMeter-Skip-Class-Scanning=true manifest attribute so JMeter can skip classfile scanning
2025-04-03 09:52:04,175 INFO o.a.j.r.ClassFinder: Will scan jar C:\Users\Arnaud\Documents\Log\JMeterFolder\JMeterSelenium\demo\target\0e371cc3-c392-485f-bc3a-16b78a9aee8e\jmeter\lib\ext\ApacheJMeter_junit-5.5.jar with filter ExtendsClassFilter [parents=[interface org.apache.jmeter.functions.Function], inner=false, contains=null, notContains=null]. Consider exposing JMeter plugins via META-INF/services, and add JMeter-Skip-Class-Scanning=true manifest attribute so JMeter can skip classfile scanning
2025-04-03 09:52:04,177 INFO o.a.j.r.ClassFinder: Will scan jar C:\Users\Arnaud\Documents\Log\JMeterFolder\JMeterSelenium\demo\target\0e371cc3-c392-485f-bc3a-16b78a9aee8e\jmeter\lib\ext\ApacheJMeter_mail-5.5.jar with filter ExtendsClassFilter [parents=[interface org.apache.jmeter.functions.Function], inner=false, contains=null, notContains=null]. Consider exposing JMeter plugins via META-INF/services, and add JMeter-Skip-Class-Scanning=true manifest attribute so JMeter can skip classfile scanning
2025-04-03 09:52:04,179 INFO o.a.j.r.ClassFinder: Will scan jar C:\Users\Arnaud\Documents\Log\JMeterFolder\JMeterSelenium\demo\target\0e371cc3-c392-485f-bc3a-16b78a9aee8e\jmeter\lib\ext\ApacheJMeter_core-5.5.jar with filter ExtendsClassFilter [parents=[interface org.apache.jmeter.functions.Function], inner=false, contains=null, notContains=null]. Consider exposing JMeter plugins via META-INF/services, and add JMeter-Skip-Class-Scanning=true manifest attribute so JMeter can skip classfile scanning
2025-04-03 09:52:04,183 INFO o.a.j.r.ClassFinder: Will scan jar C:\Users\Arnaud\Documents\Log\JMeterFolder\JMeterSelenium\demo\target\0e371cc3-c392-485f-bc3a-16b78a9aee8e\jmeter\lib\ext\ApacheJMeter_functions-5.5.jar with filter ExtendsClassFilter [parents=[interface org.apache.jmeter.functions.Function], inner=false, contains=null, notContains=null]. Consider exposing JMeter plugins via META-INF/services, and add JMeter-Skip-Class-Scanning=true manifest attribute so JMeter can skip classfile scanning
2025-04-03 09:52:04,185 INFO o.a.j.r.ClassFinder: Will scan jar C:\Users\Arnaud\Documents\Log\JMeterFolder\JMeterSelenium\demo\target\0e371cc3-c392-485f-bc3a-16b78a9aee8e\jmeter\lib\ext\ApacheJMeter_jms-5.5.jar with filter ExtendsClassFilter [parents=[interface org.apache.jmeter.functions.Function], inner=false, contains=null, notContains=null]. Consider exposing JMeter plugins via META-INF/services, and add JMeter-Skip-Class-Scanning=true manifest attribute so JMeter can skip classfile scanning
2025-04-03 09:52:04,186 INFO o.a.j.r.ClassFinder: Will scan jar C:\Users\Arnaud\Documents\Log\JMeterFolder\JMeterSelenium\demo\target\0e371cc3-c392-485f-bc3a-16b78a9aee8e\jmeter\lib\ext\ApacheJMeter_http-5.5.jar with filter ExtendsClassFilter [parents=[interface org.apache.jmeter.functions.Function], inner=false, contains=null, notContains=null]. Consider exposing JMeter plugins via META-INF/services, and add JMeter-Skip-Class-Scanning=true manifest attribute so JMeter can skip classfile scanning
2025-04-03 09:52:04,188 INFO o.a.j.r.ClassFinder: Will scan jar C:\Users\Arnaud\Documents\Log\JMeterFolder\JMeterSelenium\demo\target\0e371cc3-c392-485f-bc3a-16b78a9aee8e\jmeter\lib\ext\jmeter-plugins-webdriver-4.13.0.2.jar with filter ExtendsClassFilter [parents=[interface org.apache.jmeter.functions.Function], inner=false, contains=null, notContains=null]. Consider exposing JMeter plugins via META-INF/services, and add JMeter-Skip-Class-Scanning=true manifest attribute so JMeter can skip classfile scanning
2025-04-03 09:52:04,189 INFO o.a.j.r.ClassFinder: Will scan jar C:\Users\Arnaud\Documents\Log\JMeterFolder\JMeterSelenium\demo\target\0e371cc3-c392-485f-bc3a-16b78a9aee8e\jmeter\lib\ext\ApacheJMeter_mongodb-5.5.jar with filter ExtendsClassFilter [parents=[interface org.apache.jmeter.functions.Function], inner=false, contains=null, notContains=null]. Consider exposing JMeter plugins via META-INF/services, and add JMeter-Skip-Class-Scanning=true manifest attribute so JMeter can skip classfile scanning
2025-04-03 09:52:04,191 INFO o.a.j.r.ClassFinder: Will scan jar C:\Users\Arnaud\Documents\Log\JMeterFolder\JMeterSelenium\demo\target\0e371cc3-c392-485f-bc3a-16b78a9aee8e\jmeter\lib\ext\ApacheJMeter_ldap-5.5.jar with filter ExtendsClassFilter [parents=[interface org.apache.jmeter.functions.Function], inner=false, contains=null, notContains=null]. Consider exposing JMeter plugins via META-INF/services, and add JMeter-Skip-Class-Scanning=true manifest attribute so JMeter can skip classfile scanning
2025-04-03 09:52:04,191 INFO o.a.j.r.ClassFinder: Will scan jar C:\Users\Arnaud\Documents\Log\JMeterFolder\JMeterSelenium\demo\target\0e371cc3-c392-485f-bc3a-16b78a9aee8e\jmeter\lib\ext\ApacheJMeter_components-5.5.jar with filter ExtendsClassFilter [parents=[interface org.apache.jmeter.functions.Function], inner=false, contains=null, notContains=null]. Consider exposing JMeter plugins via META-INF/services, and add JMeter-Skip-Class-Scanning=true manifest attribute so JMeter can skip classfile scanning
2025-04-03 09:52:04,194 INFO o.a.j.r.ClassFinder: Will scan jar C:\Users\Arnaud\Documents\Log\JMeterFolder\JMeterSelenium\demo\target\0e371cc3-c392-485f-bc3a-16b78a9aee8e\jmeter\lib\ext\ApacheJMeter_jdbc-5.5.jar with filter ExtendsClassFilter [parents=[interface org.apache.jmeter.functions.Function], inner=false, contains=null, notContains=null]. Consider exposing JMeter plugins via META-INF/services, and add JMeter-Skip-Class-Scanning=true manifest attribute so JMeter can skip classfile scanning
2025-04-03 09:52:04,195 INFO o.a.j.r.ClassFinder: Will scan jar C:\Users\Arnaud\Documents\Log\JMeterFolder\JMeterSelenium\demo\target\0e371cc3-c392-485f-bc3a-16b78a9aee8e\jmeter\lib\ext\ApacheJMeter_java-5.5.jar with filter ExtendsClassFilter [parents=[interface org.apache.jmeter.functions.Function], inner=false, contains=null, notContains=null]. Consider exposing JMeter plugins via META-INF/services, and add JMeter-Skip-Class-Scanning=true manifest attribute so JMeter can skip classfile scanning
2025-04-03 09:52:04,196 INFO o.a.j.r.ClassFinder: Will scan jar C:\Users\Arnaud\Documents\Log\JMeterFolder\JMeterSelenium\demo\target\0e371cc3-c392-485f-bc3a-16b78a9aee8e\jmeter\lib\ext\ApacheJMeter_tcp-5.5.jar with filter ExtendsClassFilter [parents=[interface org.apache.jmeter.functions.Function], inner=false, contains=null, notContains=null]. Consider exposing JMeter plugins via META-INF/services, and add JMeter-Skip-Class-Scanning=true manifest attribute so JMeter can skip classfile scanning
2025-04-03 09:52:04,197 INFO o.a.j.r.ClassFinder: Will scan jar C:\Users\Arnaud\Documents\Log\JMeterFolder\JMeterSelenium\demo\target\0e371cc3-c392-485f-bc3a-16b78a9aee8e\jmeter\lib\ext\ApacheJMeter_ftp-5.5.jar with filter ExtendsClassFilter [parents=[interface org.apache.jmeter.functions.Function], inner=false, contains=null, notContains=null]. Consider exposing JMeter plugins via META-INF/services, and add JMeter-Skip-Class-Scanning=true manifest attribute so JMeter can skip classfile scanning
2025-04-03 09:52:04,261 INFO o.a.j.g.u.JMeterMenuBar: setRunning(true, *local*)
2025-04-03 09:52:04,366 INFO o.a.j.e.StandardJMeterEngine: Starting ThreadGroup: 1 : ControlerSQL
2025-04-03 09:52:04,367 INFO o.a.j.e.StandardJMeterEngine: Starting 1 threads for group ControlerSQL.
2025-04-03 09:52:04,367 INFO o.a.j.e.StandardJMeterEngine: Thread will continue on error
2025-04-03 09:52:04,367 INFO o.a.j.t.ThreadGroup: Starting thread group... number=1 threads=1 ramp-up=1 delayedStart=false
2025-04-03 09:52:04,371 INFO o.a.j.t.ThreadGroup: Started thread group number 1
2025-04-03 09:52:04,372 INFO o.a.j.e.StandardJMeterEngine: All thread groups have been started
2025-04-03 09:52:04,372 INFO o.a.j.t.JMeterThread: Thread started: ControlerSQL 1-1
2025-04-03 09:52:05,758 INFO o.a.j.t.JMeterThread: Thread is done: ControlerSQL 1-1
2025-04-03 09:52:05,758 INFO o.a.j.t.JMeterThread: Thread finished: ControlerSQL 1-1
2025-04-03 09:52:05,759 INFO o.a.j.e.StandardJMeterEngine: Notifying test listeners of end of test
2025-04-03 09:52:05,787 INFO o.a.j.g.u.JMeterMenuBar: setRunning(false, *local*)
2025-04-03 09:52:21,225 INFO o.a.j.e.StandardJMeterEngine: Running the test!
2025-04-03 09:52:21,225 INFO o.a.j.s.SampleEvent: List of sample_variables: []
2025-04-03 09:52:21,227 INFO o.a.j.g.u.JMeterMenuBar: setRunning(true, *local*)
2025-04-03 09:52:21,282 INFO o.a.j.e.StandardJMeterEngine: Starting ThreadGroup: 1 : ControlerSQL
2025-04-03 09:52:21,283 INFO o.a.j.e.StandardJMeterEngine: Starting 1 threads for group ControlerSQL.
2025-04-03 09:52:21,283 INFO o.a.j.e.StandardJMeterEngine: Thread will continue on error
2025-04-03 09:52:21,283 INFO o.a.j.t.ThreadGroup: Starting thread group... number=1 threads=1 ramp-up=1 delayedStart=false
2025-04-03 09:52:21,284 INFO o.a.j.t.ThreadGroup: Started thread group number 1
2025-04-03 09:52:21,284 INFO o.a.j.e.StandardJMeterEngine: All thread groups have been started
2025-04-03 09:52:21,284 INFO o.a.j.t.JMeterThread: Thread started: ControlerSQL 1-1
2025-04-03 09:52:21,525 INFO o.a.j.t.JMeterThread: Thread is done: ControlerSQL 1-1
2025-04-03 09:52:21,525 INFO o.a.j.t.JMeterThread: Thread finished: ControlerSQL 1-1
2025-04-03 09:52:21,526 INFO o.a.j.e.StandardJMeterEngine: Notifying test listeners of end of test
2025-04-03 09:52:21,528 INFO o.a.j.g.u.JMeterMenuBar: setRunning(false, *local*)
2025-04-03 09:56:27,192 INFO o.a.j.e.StandardJMeterEngine: Running the test!
2025-04-03 09:56:27,195 INFO o.a.j.s.SampleEvent: List of sample_variables: []
2025-04-03 09:56:27,198 INFO o.a.j.g.u.JMeterMenuBar: setRunning(true, *local*)
2025-04-03 09:56:27,271 INFO o.a.j.e.StandardJMeterEngine: Starting ThreadGroup: 1 : ControlerSQL
2025-04-03 09:56:27,272 INFO o.a.j.e.StandardJMeterEngine: Starting 1 threads for group ControlerSQL.
2025-04-03 09:56:27,272 INFO o.a.j.e.StandardJMeterEngine: Thread will continue on error
2025-04-03 09:56:27,273 INFO o.a.j.t.ThreadGroup: Starting thread group... number=1 threads=1 ramp-up=1 delayedStart=false
2025-04-03 09:56:27,274 INFO o.a.j.t.ThreadGroup: Started thread group number 1
2025-04-03 09:56:27,274 INFO o.a.j.e.StandardJMeterEngine: All thread groups have been started
2025-04-03 09:56:27,276 INFO o.a.j.t.JMeterThread: Thread started: ControlerSQL 1-1
2025-04-03 09:56:32,153 INFO o.a.j.t.JMeterThread: Thread is done: ControlerSQL 1-1
2025-04-03 09:56:32,153 INFO o.a.j.t.JMeterThread: Thread finished: ControlerSQL 1-1
2025-04-03 09:56:32,153 INFO o.a.j.e.StandardJMeterEngine: Notifying test listeners of end of test
2025-04-03 09:56:32,155 INFO o.a.j.g.u.JMeterMenuBar: setRunning(false, *local*)
