2025-04-02 19:40:52,154 INFO o.a.j.u.JMeterUtils: Setting Locale to fr_FR
2025-04-02 19:40:52,365 INFO o.a.j.u.JMeterUtils: Could not find resources for 'fr_FR', using 'fr'
2025-04-02 19:40:52,374 INFO o.a.j.JMeter: Loading system properties from: system.properties
2025-04-02 19:40:52,412 INFO o.a.j.JMeter: Copyright (c) 1998-2024 The Apache Software Foundation
2025-04-02 19:40:52,412 INFO o.a.j.JMeter: Version 5.6.3
2025-04-02 19:40:52,414 INFO o.a.j.JMeter: java.version=21.0.2
2025-04-02 19:40:52,414 INFO o.a.j.JMeter: java.vm.name=Java HotSpot(TM) 64-Bit Server VM
2025-04-02 19:40:52,414 INFO o.a.j.JMeter: os.name=Windows 11
2025-04-02 19:40:52,414 INFO o.a.j.JMeter: os.arch=amd64
2025-04-02 19:40:52,414 INFO o.a.j.JMeter: os.version=10.0
2025-04-02 19:40:52,418 INFO o.a.j.JMeter: file.encoding=UTF-8
2025-04-02 19:40:52,418 INFO o.a.j.JMeter: java.awt.headless=null
2025-04-02 19:40:52,418 INFO o.a.j.JMeter: Max memory     =536870912
2025-04-02 19:40:52,419 INFO o.a.j.JMeter: Available Processors =4
2025-04-02 19:40:52,499 INFO o.a.j.JMeter: Default Locale=français (France)
2025-04-02 19:40:52,500 INFO o.a.j.JMeter: JMeter  Locale=français (France)
2025-04-02 19:40:52,500 INFO o.a.j.JMeter: JMeterHome=C:\Users\Arnaud\Documents\Log\JMeterFolder\JMeterSelenium\demo\target\6ae566ea-7562-4918-a40e-1847b383f3a3\jmeter
2025-04-02 19:40:52,500 INFO o.a.j.JMeter: user.dir  =C:\Users\Arnaud\Documents\Log\JMeterFolder\JMeterSelenium\demo\target\6ae566ea-7562-4918-a40e-1847b383f3a3\jmeter\bin
2025-04-02 19:40:52,502 INFO o.a.j.JMeter: PWD       =C:\Users\Arnaud\Documents\Log\JMeterFolder\JMeterSelenium\demo\target\6ae566ea-7562-4918-a40e-1847b383f3a3\jmeter\bin
2025-04-02 19:40:57,444 INFO o.a.j.JMeter: IP: 172.28.192.1 Name: DESKTOP-JRAMTUQ FullName: DESKTOP-JRAMTUQ
2025-04-02 19:40:57,462 INFO o.a.j.JMeter: Loaded icon properties from org/apache/jmeter/images/icon.properties
2025-04-02 19:40:57,777 INFO o.a.j.JMeterGuiLauncher: Setting LAF to: com.github.weisj.darklaf.DarkLaf:com.github.weisj.darklaf.theme.DarculaTheme
2025-04-02 19:40:59,612 INFO o.a.j.r.ClassFinder: Will scan jar C:\Users\Arnaud\Documents\Log\JMeterFolder\JMeterSelenium\demo\target\6ae566ea-7562-4918-a40e-1847b383f3a3\jmeter\lib\ext\ApacheJMeter_ldap-5.5.jar with filter ExtendsClassFilter [parents=[interface org.apache.jmeter.gui.action.Command], inner=false, contains=null, notContains=null]. Consider exposing JMeter plugins via META-INF/services, and add JMeter-Skip-Class-Scanning=true manifest attribute so JMeter can skip classfile scanning
2025-04-02 19:40:59,630 INFO o.a.j.r.ClassFinder: Will scan jar C:\Users\Arnaud\Documents\Log\JMeterFolder\JMeterSelenium\demo\target\6ae566ea-7562-4918-a40e-1847b383f3a3\jmeter\lib\ext\ApacheJMeter_jms-5.5.jar with filter ExtendsClassFilter [parents=[interface org.apache.jmeter.gui.action.Command], inner=false, contains=null, notContains=null]. Consider exposing JMeter plugins via META-INF/services, and add JMeter-Skip-Class-Scanning=true manifest attribute so JMeter can skip classfile scanning
2025-04-02 19:40:59,658 INFO o.a.j.r.ClassFinder: Will scan jar C:\Users\Arnaud\Documents\Log\JMeterFolder\JMeterSelenium\demo\target\6ae566ea-7562-4918-a40e-1847b383f3a3\jmeter\lib\ext\ApacheJMeter_http-5.5.jar with filter ExtendsClassFilter [parents=[interface org.apache.jmeter.gui.action.Command], inner=false, contains=null, notContains=null]. Consider exposing JMeter plugins via META-INF/services, and add JMeter-Skip-Class-Scanning=true manifest attribute so JMeter can skip classfile scanning
2025-04-02 19:40:59,767 INFO o.a.j.r.ClassFinder: Will scan jar C:\Users\Arnaud\Documents\Log\JMeterFolder\JMeterSelenium\demo\target\6ae566ea-7562-4918-a40e-1847b383f3a3\jmeter\lib\ext\ApacheJMeter_java-5.5.jar with filter ExtendsClassFilter [parents=[interface org.apache.jmeter.gui.action.Command], inner=false, contains=null, notContains=null]. Consider exposing JMeter plugins via META-INF/services, and add JMeter-Skip-Class-Scanning=true manifest attribute so JMeter can skip classfile scanning
2025-04-02 19:40:59,784 INFO o.a.j.r.ClassFinder: Will scan jar C:\Users\Arnaud\Documents\Log\JMeterFolder\JMeterSelenium\demo\target\6ae566ea-7562-4918-a40e-1847b383f3a3\jmeter\lib\ext\jmeter-plugins-webdriver-4.13.0.2.jar with filter ExtendsClassFilter [parents=[interface org.apache.jmeter.gui.action.Command], inner=false, contains=null, notContains=null]. Consider exposing JMeter plugins via META-INF/services, and add JMeter-Skip-Class-Scanning=true manifest attribute so JMeter can skip classfile scanning
2025-04-02 19:40:59,810 INFO o.a.j.r.ClassFinder: Will scan jar C:\Users\Arnaud\Documents\Log\JMeterFolder\JMeterSelenium\demo\target\6ae566ea-7562-4918-a40e-1847b383f3a3\jmeter\lib\ext\ApacheJMeter_functions-5.5.jar with filter ExtendsClassFilter [parents=[interface org.apache.jmeter.gui.action.Command], inner=false, contains=null, notContains=null]. Consider exposing JMeter plugins via META-INF/services, and add JMeter-Skip-Class-Scanning=true manifest attribute so JMeter can skip classfile scanning
2025-04-02 19:40:59,839 INFO o.a.j.r.ClassFinder: Will scan jar C:\Users\Arnaud\Documents\Log\JMeterFolder\JMeterSelenium\demo\target\6ae566ea-7562-4918-a40e-1847b383f3a3\jmeter\lib\ext\ApacheJMeter_junit-5.5.jar with filter ExtendsClassFilter [parents=[interface org.apache.jmeter.gui.action.Command], inner=false, contains=null, notContains=null]. Consider exposing JMeter plugins via META-INF/services, and add JMeter-Skip-Class-Scanning=true manifest attribute so JMeter can skip classfile scanning
2025-04-02 19:40:59,843 INFO o.a.j.r.ClassFinder: Will scan jar C:\Users\Arnaud\Documents\Log\JMeterFolder\JMeterSelenium\demo\target\6ae566ea-7562-4918-a40e-1847b383f3a3\jmeter\lib\ext\ApacheJMeter_core-5.5.jar with filter ExtendsClassFilter [parents=[interface org.apache.jmeter.gui.action.Command], inner=false, contains=null, notContains=null]. Consider exposing JMeter plugins via META-INF/services, and add JMeter-Skip-Class-Scanning=true manifest attribute so JMeter can skip classfile scanning
2025-04-02 19:41:00,018 INFO o.a.j.r.ClassFinder: Will scan jar C:\Users\Arnaud\Documents\Log\JMeterFolder\JMeterSelenium\demo\target\6ae566ea-7562-4918-a40e-1847b383f3a3\jmeter\lib\ext\ApacheJMeter_mail-5.5.jar with filter ExtendsClassFilter [parents=[interface org.apache.jmeter.gui.action.Command], inner=false, contains=null, notContains=null]. Consider exposing JMeter plugins via META-INF/services, and add JMeter-Skip-Class-Scanning=true manifest attribute so JMeter can skip classfile scanning
2025-04-02 19:41:00,034 INFO o.a.j.r.ClassFinder: Will scan jar C:\Users\Arnaud\Documents\Log\JMeterFolder\JMeterSelenium\demo\target\6ae566ea-7562-4918-a40e-1847b383f3a3\jmeter\lib\ext\ApacheJMeter_bolt-5.5.jar with filter ExtendsClassFilter [parents=[interface org.apache.jmeter.gui.action.Command], inner=false, contains=null, notContains=null]. Consider exposing JMeter plugins via META-INF/services, and add JMeter-Skip-Class-Scanning=true manifest attribute so JMeter can skip classfile scanning
2025-04-02 19:41:00,040 INFO o.a.j.r.ClassFinder: Will scan jar C:\Users\Arnaud\Documents\Log\JMeterFolder\JMeterSelenium\demo\target\6ae566ea-7562-4918-a40e-1847b383f3a3\jmeter\lib\ext\ApacheJMeter_mongodb-5.5.jar with filter ExtendsClassFilter [parents=[interface org.apache.jmeter.gui.action.Command], inner=false, contains=null, notContains=null]. Consider exposing JMeter plugins via META-INF/services, and add JMeter-Skip-Class-Scanning=true manifest attribute so JMeter can skip classfile scanning
2025-04-02 19:41:00,047 INFO o.a.j.r.ClassFinder: Will scan jar C:\Users\Arnaud\Documents\Log\JMeterFolder\JMeterSelenium\demo\target\6ae566ea-7562-4918-a40e-1847b383f3a3\jmeter\lib\ext\ApacheJMeter_native-5.5.jar with filter ExtendsClassFilter [parents=[interface org.apache.jmeter.gui.action.Command], inner=false, contains=null, notContains=null]. Consider exposing JMeter plugins via META-INF/services, and add JMeter-Skip-Class-Scanning=true manifest attribute so JMeter can skip classfile scanning
2025-04-02 19:41:00,051 INFO o.a.j.r.ClassFinder: Will scan jar C:\Users\Arnaud\Documents\Log\JMeterFolder\JMeterSelenium\demo\target\6ae566ea-7562-4918-a40e-1847b383f3a3\jmeter\lib\ext\ApacheJMeter_ftp-5.5.jar with filter ExtendsClassFilter [parents=[interface org.apache.jmeter.gui.action.Command], inner=false, contains=null, notContains=null]. Consider exposing JMeter plugins via META-INF/services, and add JMeter-Skip-Class-Scanning=true manifest attribute so JMeter can skip classfile scanning
2025-04-02 19:41:00,054 INFO o.a.j.r.ClassFinder: Will scan jar C:\Users\Arnaud\Documents\Log\JMeterFolder\JMeterSelenium\demo\target\6ae566ea-7562-4918-a40e-1847b383f3a3\jmeter\lib\ext\ApacheJMeter_jdbc-5.5.jar with filter ExtendsClassFilter [parents=[interface org.apache.jmeter.gui.action.Command], inner=false, contains=null, notContains=null]. Consider exposing JMeter plugins via META-INF/services, and add JMeter-Skip-Class-Scanning=true manifest attribute so JMeter can skip classfile scanning
2025-04-02 19:41:00,060 INFO o.a.j.r.ClassFinder: Will scan jar C:\Users\Arnaud\Documents\Log\JMeterFolder\JMeterSelenium\demo\target\6ae566ea-7562-4918-a40e-1847b383f3a3\jmeter\lib\ext\ApacheJMeter_tcp-5.5.jar with filter ExtendsClassFilter [parents=[interface org.apache.jmeter.gui.action.Command], inner=false, contains=null, notContains=null]. Consider exposing JMeter plugins via META-INF/services, and add JMeter-Skip-Class-Scanning=true manifest attribute so JMeter can skip classfile scanning
2025-04-02 19:41:00,066 INFO o.a.j.r.ClassFinder: Will scan jar C:\Users\Arnaud\Documents\Log\JMeterFolder\JMeterSelenium\demo\target\6ae566ea-7562-4918-a40e-1847b383f3a3\jmeter\lib\ext\ApacheJMeter_components-5.5.jar with filter ExtendsClassFilter [parents=[interface org.apache.jmeter.gui.action.Command], inner=false, contains=null, notContains=null]. Consider exposing JMeter plugins via META-INF/services, and add JMeter-Skip-Class-Scanning=true manifest attribute so JMeter can skip classfile scanning
2025-04-02 19:41:01,074 INFO o.a.j.r.ClassFinder: Will scan jar C:\Users\Arnaud\Documents\Log\JMeterFolder\JMeterSelenium\demo\target\6ae566ea-7562-4918-a40e-1847b383f3a3\jmeter\lib\ext\ApacheJMeter_ldap-5.5.jar with filter ExtendsClassFilter [parents=[interface org.apache.jmeter.gui.plugin.MenuCreator], inner=false, contains=null, notContains=null]. Consider exposing JMeter plugins via META-INF/services, and add JMeter-Skip-Class-Scanning=true manifest attribute so JMeter can skip classfile scanning
2025-04-02 19:41:01,076 INFO o.a.j.r.ClassFinder: Will scan jar C:\Users\Arnaud\Documents\Log\JMeterFolder\JMeterSelenium\demo\target\6ae566ea-7562-4918-a40e-1847b383f3a3\jmeter\lib\ext\ApacheJMeter_jms-5.5.jar with filter ExtendsClassFilter [parents=[interface org.apache.jmeter.gui.plugin.MenuCreator], inner=false, contains=null, notContains=null]. Consider exposing JMeter plugins via META-INF/services, and add JMeter-Skip-Class-Scanning=true manifest attribute so JMeter can skip classfile scanning
2025-04-02 19:41:01,077 INFO o.a.j.r.ClassFinder: Will scan jar C:\Users\Arnaud\Documents\Log\JMeterFolder\JMeterSelenium\demo\target\6ae566ea-7562-4918-a40e-1847b383f3a3\jmeter\lib\ext\ApacheJMeter_http-5.5.jar with filter ExtendsClassFilter [parents=[interface org.apache.jmeter.gui.plugin.MenuCreator], inner=false, contains=null, notContains=null]. Consider exposing JMeter plugins via META-INF/services, and add JMeter-Skip-Class-Scanning=true manifest attribute so JMeter can skip classfile scanning
2025-04-02 19:41:01,078 INFO o.a.j.r.ClassFinder: Will scan jar C:\Users\Arnaud\Documents\Log\JMeterFolder\JMeterSelenium\demo\target\6ae566ea-7562-4918-a40e-1847b383f3a3\jmeter\lib\ext\ApacheJMeter_java-5.5.jar with filter ExtendsClassFilter [parents=[interface org.apache.jmeter.gui.plugin.MenuCreator], inner=false, contains=null, notContains=null]. Consider exposing JMeter plugins via META-INF/services, and add JMeter-Skip-Class-Scanning=true manifest attribute so JMeter can skip classfile scanning
2025-04-02 19:41:01,079 INFO o.a.j.r.ClassFinder: Will scan jar C:\Users\Arnaud\Documents\Log\JMeterFolder\JMeterSelenium\demo\target\6ae566ea-7562-4918-a40e-1847b383f3a3\jmeter\lib\ext\jmeter-plugins-webdriver-4.13.0.2.jar with filter ExtendsClassFilter [parents=[interface org.apache.jmeter.gui.plugin.MenuCreator], inner=false, contains=null, notContains=null]. Consider exposing JMeter plugins via META-INF/services, and add JMeter-Skip-Class-Scanning=true manifest attribute so JMeter can skip classfile scanning
2025-04-02 19:41:01,079 INFO o.a.j.r.ClassFinder: Will scan jar C:\Users\Arnaud\Documents\Log\JMeterFolder\JMeterSelenium\demo\target\6ae566ea-7562-4918-a40e-1847b383f3a3\jmeter\lib\ext\ApacheJMeter_functions-5.5.jar with filter ExtendsClassFilter [parents=[interface org.apache.jmeter.gui.plugin.MenuCreator], inner=false, contains=null, notContains=null]. Consider exposing JMeter plugins via META-INF/services, and add JMeter-Skip-Class-Scanning=true manifest attribute so JMeter can skip classfile scanning
2025-04-02 19:41:01,080 INFO o.a.j.r.ClassFinder: Will scan jar C:\Users\Arnaud\Documents\Log\JMeterFolder\JMeterSelenium\demo\target\6ae566ea-7562-4918-a40e-1847b383f3a3\jmeter\lib\ext\ApacheJMeter_junit-5.5.jar with filter ExtendsClassFilter [parents=[interface org.apache.jmeter.gui.plugin.MenuCreator], inner=false, contains=null, notContains=null]. Consider exposing JMeter plugins via META-INF/services, and add JMeter-Skip-Class-Scanning=true manifest attribute so JMeter can skip classfile scanning
2025-04-02 19:41:01,081 INFO o.a.j.r.ClassFinder: Will scan jar C:\Users\Arnaud\Documents\Log\JMeterFolder\JMeterSelenium\demo\target\6ae566ea-7562-4918-a40e-1847b383f3a3\jmeter\lib\ext\ApacheJMeter_core-5.5.jar with filter ExtendsClassFilter [parents=[interface org.apache.jmeter.gui.plugin.MenuCreator], inner=false, contains=null, notContains=null]. Consider exposing JMeter plugins via META-INF/services, and add JMeter-Skip-Class-Scanning=true manifest attribute so JMeter can skip classfile scanning
2025-04-02 19:41:01,084 INFO o.a.j.r.ClassFinder: Will scan jar C:\Users\Arnaud\Documents\Log\JMeterFolder\JMeterSelenium\demo\target\6ae566ea-7562-4918-a40e-1847b383f3a3\jmeter\lib\ext\ApacheJMeter_mail-5.5.jar with filter ExtendsClassFilter [parents=[interface org.apache.jmeter.gui.plugin.MenuCreator], inner=false, contains=null, notContains=null]. Consider exposing JMeter plugins via META-INF/services, and add JMeter-Skip-Class-Scanning=true manifest attribute so JMeter can skip classfile scanning
2025-04-02 19:41:01,085 INFO o.a.j.r.ClassFinder: Will scan jar C:\Users\Arnaud\Documents\Log\JMeterFolder\JMeterSelenium\demo\target\6ae566ea-7562-4918-a40e-1847b383f3a3\jmeter\lib\ext\ApacheJMeter_bolt-5.5.jar with filter ExtendsClassFilter [parents=[interface org.apache.jmeter.gui.plugin.MenuCreator], inner=false, contains=null, notContains=null]. Consider exposing JMeter plugins via META-INF/services, and add JMeter-Skip-Class-Scanning=true manifest attribute so JMeter can skip classfile scanning
2025-04-02 19:41:01,087 INFO o.a.j.r.ClassFinder: Will scan jar C:\Users\Arnaud\Documents\Log\JMeterFolder\JMeterSelenium\demo\target\6ae566ea-7562-4918-a40e-1847b383f3a3\jmeter\lib\ext\ApacheJMeter_mongodb-5.5.jar with filter ExtendsClassFilter [parents=[interface org.apache.jmeter.gui.plugin.MenuCreator], inner=false, contains=null, notContains=null]. Consider exposing JMeter plugins via META-INF/services, and add JMeter-Skip-Class-Scanning=true manifest attribute so JMeter can skip classfile scanning
2025-04-02 19:41:01,088 INFO o.a.j.r.ClassFinder: Will scan jar C:\Users\Arnaud\Documents\Log\JMeterFolder\JMeterSelenium\demo\target\6ae566ea-7562-4918-a40e-1847b383f3a3\jmeter\lib\ext\ApacheJMeter_native-5.5.jar with filter ExtendsClassFilter [parents=[interface org.apache.jmeter.gui.plugin.MenuCreator], inner=false, contains=null, notContains=null]. Consider exposing JMeter plugins via META-INF/services, and add JMeter-Skip-Class-Scanning=true manifest attribute so JMeter can skip classfile scanning
2025-04-02 19:41:01,089 INFO o.a.j.r.ClassFinder: Will scan jar C:\Users\Arnaud\Documents\Log\JMeterFolder\JMeterSelenium\demo\target\6ae566ea-7562-4918-a40e-1847b383f3a3\jmeter\lib\ext\ApacheJMeter_ftp-5.5.jar with filter ExtendsClassFilter [parents=[interface org.apache.jmeter.gui.plugin.MenuCreator], inner=false, contains=null, notContains=null]. Consider exposing JMeter plugins via META-INF/services, and add JMeter-Skip-Class-Scanning=true manifest attribute so JMeter can skip classfile scanning
2025-04-02 19:41:01,090 INFO o.a.j.r.ClassFinder: Will scan jar C:\Users\Arnaud\Documents\Log\JMeterFolder\JMeterSelenium\demo\target\6ae566ea-7562-4918-a40e-1847b383f3a3\jmeter\lib\ext\ApacheJMeter_jdbc-5.5.jar with filter ExtendsClassFilter [parents=[interface org.apache.jmeter.gui.plugin.MenuCreator], inner=false, contains=null, notContains=null]. Consider exposing JMeter plugins via META-INF/services, and add JMeter-Skip-Class-Scanning=true manifest attribute so JMeter can skip classfile scanning
2025-04-02 19:41:01,091 INFO o.a.j.r.ClassFinder: Will scan jar C:\Users\Arnaud\Documents\Log\JMeterFolder\JMeterSelenium\demo\target\6ae566ea-7562-4918-a40e-1847b383f3a3\jmeter\lib\ext\ApacheJMeter_tcp-5.5.jar with filter ExtendsClassFilter [parents=[interface org.apache.jmeter.gui.plugin.MenuCreator], inner=false, contains=null, notContains=null]. Consider exposing JMeter plugins via META-INF/services, and add JMeter-Skip-Class-Scanning=true manifest attribute so JMeter can skip classfile scanning
2025-04-02 19:41:01,092 INFO o.a.j.r.ClassFinder: Will scan jar C:\Users\Arnaud\Documents\Log\JMeterFolder\JMeterSelenium\demo\target\6ae566ea-7562-4918-a40e-1847b383f3a3\jmeter\lib\ext\ApacheJMeter_components-5.5.jar with filter ExtendsClassFilter [parents=[interface org.apache.jmeter.gui.plugin.MenuCreator], inner=false, contains=null, notContains=null]. Consider exposing JMeter plugins via META-INF/services, and add JMeter-Skip-Class-Scanning=true manifest attribute so JMeter can skip classfile scanning
2025-04-02 19:59:46,879 INFO o.a.j.s.FileServer: Default base='C:\Users\Arnaud\Documents\Log\JMeterFolder\JMeterSelenium\demo\target\6ae566ea-7562-4918-a40e-1847b383f3a3\jmeter\bin'
2025-04-02 19:59:46,883 INFO o.a.j.g.a.Load: Loading file: C:\Users\Arnaud\Documents\Log\JMeterFolder\JMeterSelenium\demo\src\test\jmeter\SQL.jmx
2025-04-02 19:59:46,883 INFO o.a.j.s.FileServer: Set new base='C:\Users\Arnaud\Documents\Log\JMeterFolder\JMeterSelenium\demo\src\test\jmeter'
2025-04-02 19:59:47,339 INFO o.a.j.s.SaveService: Testplan (JMX) version: 2.2. Testlog (JTL) version: 2.2
2025-04-02 19:59:47,360 INFO o.a.j.s.SaveService: Using SaveService properties version 5.0
2025-04-02 19:59:47,364 INFO o.a.j.s.SaveService: Using SaveService properties file encoding UTF-8
2025-04-02 19:59:47,371 INFO o.a.j.s.SaveService: Loading file: C:\Users\Arnaud\Documents\Log\JMeterFolder\JMeterSelenium\demo\src\test\jmeter\SQL.jmx
2025-04-02 19:59:48,024 INFO o.a.j.s.SampleResult: Note: Sample TimeStamps are START times
2025-04-02 19:59:48,024 INFO o.a.j.s.SampleResult: sampleresult.default.encoding is set to UTF-8
2025-04-02 19:59:48,024 INFO o.a.j.s.SampleResult: sampleresult.useNanoTime=true
2025-04-02 19:59:48,025 INFO o.a.j.s.SampleResult: sampleresult.nanoThreadSleep=5000
2025-04-02 19:59:48,076 INFO o.a.j.v.ViewResultsFullVisualizer: Add JavaFX to your Java installation if you want to use renderer: org.apache.jmeter.visualizers.RenderInBrowser
2025-04-02 19:59:48,261 INFO o.a.j.s.FileServer: Set new base='C:\Users\Arnaud\Documents\Log\JMeterFolder\JMeterSelenium\demo\src\test\jmeter'
2025-04-02 19:59:57,779 INFO o.a.j.e.StandardJMeterEngine: Running the test!
2025-04-02 19:59:57,781 INFO o.a.j.s.SampleEvent: List of sample_variables: []
2025-04-02 19:59:57,782 INFO o.a.j.s.SampleEvent: List of sample_variables: []
2025-04-02 19:59:57,785 INFO o.a.j.e.u.CompoundVariable: Note: Function class names must contain the string: '.functions.'
2025-04-02 19:59:57,785 INFO o.a.j.e.u.CompoundVariable: Note: Function class names must not contain the string: '.gui.'
2025-04-02 19:59:57,788 INFO o.a.j.r.ClassFinder: Will scan jar C:\Users\Arnaud\Documents\Log\JMeterFolder\JMeterSelenium\demo\target\6ae566ea-7562-4918-a40e-1847b383f3a3\jmeter\lib\ext\ApacheJMeter_ldap-5.5.jar with filter ExtendsClassFilter [parents=[interface org.apache.jmeter.functions.Function], inner=false, contains=null, notContains=null]. Consider exposing JMeter plugins via META-INF/services, and add JMeter-Skip-Class-Scanning=true manifest attribute so JMeter can skip classfile scanning
2025-04-02 19:59:57,791 INFO o.a.j.r.ClassFinder: Will scan jar C:\Users\Arnaud\Documents\Log\JMeterFolder\JMeterSelenium\demo\target\6ae566ea-7562-4918-a40e-1847b383f3a3\jmeter\lib\ext\ApacheJMeter_jms-5.5.jar with filter ExtendsClassFilter [parents=[interface org.apache.jmeter.functions.Function], inner=false, contains=null, notContains=null]. Consider exposing JMeter plugins via META-INF/services, and add JMeter-Skip-Class-Scanning=true manifest attribute so JMeter can skip classfile scanning
2025-04-02 19:59:57,793 INFO o.a.j.r.ClassFinder: Will scan jar C:\Users\Arnaud\Documents\Log\JMeterFolder\JMeterSelenium\demo\target\6ae566ea-7562-4918-a40e-1847b383f3a3\jmeter\lib\ext\ApacheJMeter_http-5.5.jar with filter ExtendsClassFilter [parents=[interface org.apache.jmeter.functions.Function], inner=false, contains=null, notContains=null]. Consider exposing JMeter plugins via META-INF/services, and add JMeter-Skip-Class-Scanning=true manifest attribute so JMeter can skip classfile scanning
2025-04-02 19:59:57,796 INFO o.a.j.r.ClassFinder: Will scan jar C:\Users\Arnaud\Documents\Log\JMeterFolder\JMeterSelenium\demo\target\6ae566ea-7562-4918-a40e-1847b383f3a3\jmeter\lib\ext\ApacheJMeter_java-5.5.jar with filter ExtendsClassFilter [parents=[interface org.apache.jmeter.functions.Function], inner=false, contains=null, notContains=null]. Consider exposing JMeter plugins via META-INF/services, and add JMeter-Skip-Class-Scanning=true manifest attribute so JMeter can skip classfile scanning
2025-04-02 19:59:57,801 INFO o.a.j.r.ClassFinder: Will scan jar C:\Users\Arnaud\Documents\Log\JMeterFolder\JMeterSelenium\demo\target\6ae566ea-7562-4918-a40e-1847b383f3a3\jmeter\lib\ext\jmeter-plugins-webdriver-4.13.0.2.jar with filter ExtendsClassFilter [parents=[interface org.apache.jmeter.functions.Function], inner=false, contains=null, notContains=null]. Consider exposing JMeter plugins via META-INF/services, and add JMeter-Skip-Class-Scanning=true manifest attribute so JMeter can skip classfile scanning
2025-04-02 19:59:57,802 INFO o.a.j.r.ClassFinder: Will scan jar C:\Users\Arnaud\Documents\Log\JMeterFolder\JMeterSelenium\demo\target\6ae566ea-7562-4918-a40e-1847b383f3a3\jmeter\lib\ext\ApacheJMeter_functions-5.5.jar with filter ExtendsClassFilter [parents=[interface org.apache.jmeter.functions.Function], inner=false, contains=null, notContains=null]. Consider exposing JMeter plugins via META-INF/services, and add JMeter-Skip-Class-Scanning=true manifest attribute so JMeter can skip classfile scanning
2025-04-02 19:59:57,804 INFO o.a.j.r.ClassFinder: Will scan jar C:\Users\Arnaud\Documents\Log\JMeterFolder\JMeterSelenium\demo\target\6ae566ea-7562-4918-a40e-1847b383f3a3\jmeter\lib\ext\ApacheJMeter_junit-5.5.jar with filter ExtendsClassFilter [parents=[interface org.apache.jmeter.functions.Function], inner=false, contains=null, notContains=null]. Consider exposing JMeter plugins via META-INF/services, and add JMeter-Skip-Class-Scanning=true manifest attribute so JMeter can skip classfile scanning
2025-04-02 19:59:57,810 INFO o.a.j.r.ClassFinder: Will scan jar C:\Users\Arnaud\Documents\Log\JMeterFolder\JMeterSelenium\demo\target\6ae566ea-7562-4918-a40e-1847b383f3a3\jmeter\lib\ext\ApacheJMeter_core-5.5.jar with filter ExtendsClassFilter [parents=[interface org.apache.jmeter.functions.Function], inner=false, contains=null, notContains=null]. Consider exposing JMeter plugins via META-INF/services, and add JMeter-Skip-Class-Scanning=true manifest attribute so JMeter can skip classfile scanning
2025-04-02 19:59:57,820 INFO o.a.j.r.ClassFinder: Will scan jar C:\Users\Arnaud\Documents\Log\JMeterFolder\JMeterSelenium\demo\target\6ae566ea-7562-4918-a40e-1847b383f3a3\jmeter\lib\ext\ApacheJMeter_mail-5.5.jar with filter ExtendsClassFilter [parents=[interface org.apache.jmeter.functions.Function], inner=false, contains=null, notContains=null]. Consider exposing JMeter plugins via META-INF/services, and add JMeter-Skip-Class-Scanning=true manifest attribute so JMeter can skip classfile scanning
2025-04-02 19:59:57,823 INFO o.a.j.r.ClassFinder: Will scan jar C:\Users\Arnaud\Documents\Log\JMeterFolder\JMeterSelenium\demo\target\6ae566ea-7562-4918-a40e-1847b383f3a3\jmeter\lib\ext\ApacheJMeter_bolt-5.5.jar with filter ExtendsClassFilter [parents=[interface org.apache.jmeter.functions.Function], inner=false, contains=null, notContains=null]. Consider exposing JMeter plugins via META-INF/services, and add JMeter-Skip-Class-Scanning=true manifest attribute so JMeter can skip classfile scanning
2025-04-02 19:59:57,826 INFO o.a.j.r.ClassFinder: Will scan jar C:\Users\Arnaud\Documents\Log\JMeterFolder\JMeterSelenium\demo\target\6ae566ea-7562-4918-a40e-1847b383f3a3\jmeter\lib\ext\ApacheJMeter_mongodb-5.5.jar with filter ExtendsClassFilter [parents=[interface org.apache.jmeter.functions.Function], inner=false, contains=null, notContains=null]. Consider exposing JMeter plugins via META-INF/services, and add JMeter-Skip-Class-Scanning=true manifest attribute so JMeter can skip classfile scanning
2025-04-02 19:59:57,829 INFO o.a.j.r.ClassFinder: Will scan jar C:\Users\Arnaud\Documents\Log\JMeterFolder\JMeterSelenium\demo\target\6ae566ea-7562-4918-a40e-1847b383f3a3\jmeter\lib\ext\ApacheJMeter_native-5.5.jar with filter ExtendsClassFilter [parents=[interface org.apache.jmeter.functions.Function], inner=false, contains=null, notContains=null]. Consider exposing JMeter plugins via META-INF/services, and add JMeter-Skip-Class-Scanning=true manifest attribute so JMeter can skip classfile scanning
2025-04-02 19:59:57,831 INFO o.a.j.r.ClassFinder: Will scan jar C:\Users\Arnaud\Documents\Log\JMeterFolder\JMeterSelenium\demo\target\6ae566ea-7562-4918-a40e-1847b383f3a3\jmeter\lib\ext\ApacheJMeter_ftp-5.5.jar with filter ExtendsClassFilter [parents=[interface org.apache.jmeter.functions.Function], inner=false, contains=null, notContains=null]. Consider exposing JMeter plugins via META-INF/services, and add JMeter-Skip-Class-Scanning=true manifest attribute so JMeter can skip classfile scanning
2025-04-02 19:59:57,832 INFO o.a.j.r.ClassFinder: Will scan jar C:\Users\Arnaud\Documents\Log\JMeterFolder\JMeterSelenium\demo\target\6ae566ea-7562-4918-a40e-1847b383f3a3\jmeter\lib\ext\ApacheJMeter_jdbc-5.5.jar with filter ExtendsClassFilter [parents=[interface org.apache.jmeter.functions.Function], inner=false, contains=null, notContains=null]. Consider exposing JMeter plugins via META-INF/services, and add JMeter-Skip-Class-Scanning=true manifest attribute so JMeter can skip classfile scanning
2025-04-02 19:59:57,833 INFO o.a.j.r.ClassFinder: Will scan jar C:\Users\Arnaud\Documents\Log\JMeterFolder\JMeterSelenium\demo\target\6ae566ea-7562-4918-a40e-1847b383f3a3\jmeter\lib\ext\ApacheJMeter_tcp-5.5.jar with filter ExtendsClassFilter [parents=[interface org.apache.jmeter.functions.Function], inner=false, contains=null, notContains=null]. Consider exposing JMeter plugins via META-INF/services, and add JMeter-Skip-Class-Scanning=true manifest attribute so JMeter can skip classfile scanning
2025-04-02 19:59:57,835 INFO o.a.j.r.ClassFinder: Will scan jar C:\Users\Arnaud\Documents\Log\JMeterFolder\JMeterSelenium\demo\target\6ae566ea-7562-4918-a40e-1847b383f3a3\jmeter\lib\ext\ApacheJMeter_components-5.5.jar with filter ExtendsClassFilter [parents=[interface org.apache.jmeter.functions.Function], inner=false, contains=null, notContains=null]. Consider exposing JMeter plugins via META-INF/services, and add JMeter-Skip-Class-Scanning=true manifest attribute so JMeter can skip classfile scanning
2025-04-02 19:59:57,899 INFO o.a.j.g.u.JMeterMenuBar: setRunning(true, *local*)
2025-04-02 19:59:58,018 INFO o.a.j.e.StandardJMeterEngine: Starting ThreadGroup: 1 : ControlerSQL
2025-04-02 19:59:58,018 INFO o.a.j.e.StandardJMeterEngine: Starting 1 threads for group ControlerSQL.
2025-04-02 19:59:58,019 INFO o.a.j.e.StandardJMeterEngine: Thread will continue on error
2025-04-02 19:59:58,019 INFO o.a.j.t.ThreadGroup: Starting thread group... number=1 threads=1 ramp-up=1 delayedStart=false
2025-04-02 19:59:58,024 INFO o.a.j.t.ThreadGroup: Started thread group number 1
2025-04-02 19:59:58,024 INFO o.a.j.e.StandardJMeterEngine: All thread groups have been started
2025-04-02 19:59:58,026 INFO o.a.j.t.JMeterThread: Thread started: ControlerSQL 1-1
2025-04-02 20:00:19,361 INFO o.a.j.t.JMeterThread: Thread is done: ControlerSQL 1-1
2025-04-02 20:00:19,361 INFO o.a.j.t.JMeterThread: Thread finished: ControlerSQL 1-1
2025-04-02 20:00:19,363 INFO o.a.j.e.StandardJMeterEngine: Notifying test listeners of end of test
2025-04-02 20:00:19,363 INFO o.a.j.g.u.JMeterMenuBar: setRunning(false, *local*)
