2025-04-02 19:33:59,601 INFO o.a.j.u.JMeterUtils: Setting Locale to fr_FR
2025-04-02 19:33:59,658 INFO o.a.j.u.JMeterUtils: Could not find resources for 'fr_FR', using 'fr'
2025-04-02 19:33:59,660 INFO o.a.j.JMeter: Loading system properties from: system.properties
2025-04-02 19:33:59,660 INFO o.a.j.JMeter: Setting System property: sun.net.http.allowRestrictedHeaders=true
2025-04-02 19:33:59,672 INFO o.a.j.JMeter: Copyright (c) 1998-2024 The Apache Software Foundation
2025-04-02 19:33:59,672 INFO o.a.j.JMeter: Version 5.6.3
2025-04-02 19:33:59,672 INFO o.a.j.JMeter: java.version=21.0.2
2025-04-02 19:33:59,673 INFO o.a.j.JMeter: java.vm.name=Java HotSpot(TM) 64-Bit Server VM
2025-04-02 19:33:59,673 INFO o.a.j.JMeter: os.name=Windows 11
2025-04-02 19:33:59,673 INFO o.a.j.JMeter: os.arch=amd64
2025-04-02 19:33:59,673 INFO o.a.j.JMeter: os.version=10.0
2025-04-02 19:33:59,674 INFO o.a.j.JMeter: file.encoding=UTF-8
2025-04-02 19:33:59,674 INFO o.a.j.JMeter: java.awt.headless=true
2025-04-02 19:33:59,674 INFO o.a.j.JMeter: Max memory     =536870912
2025-04-02 19:33:59,674 INFO o.a.j.JMeter: Available Processors =4
2025-04-02 19:33:59,696 INFO o.a.j.JMeter: Default Locale=français (France)
2025-04-02 19:33:59,697 INFO o.a.j.JMeter: JMeter  Locale=français (France)
2025-04-02 19:33:59,697 INFO o.a.j.JMeter: JMeterHome=C:\Users\Arnaud\Documents\Log\JMeterFolder\JMeterSelenium\demo\target\a494f6c5-6d75-498f-bcaf-0a3738eac576\jmeter
2025-04-02 19:33:59,697 INFO o.a.j.JMeter: user.dir  =C:\Users\Arnaud\Documents\Log\JMeterFolder\JMeterSelenium\demo\target\a494f6c5-6d75-498f-bcaf-0a3738eac576\jmeter\bin
2025-04-02 19:33:59,698 INFO o.a.j.JMeter: PWD       =C:\Users\Arnaud\Documents\Log\JMeterFolder\JMeterSelenium\demo\target\a494f6c5-6d75-498f-bcaf-0a3738eac576\jmeter\bin
2025-04-02 19:34:04,698 INFO o.a.j.JMeter: IP: 172.28.192.1 Name: DESKTOP-JRAMTUQ FullName: DESKTOP-JRAMTUQ
2025-04-02 19:34:04,765 INFO o.a.j.JMeter: Setting property 'jmeter.reportgenerator.outputdir' to:'C:\Users\Arnaud\Documents\Log\JMeterFolder\JMeterSelenium\demo\target\jmeter\reports\SQL'
2025-04-02 19:34:04,771 INFO o.a.j.s.FileServer: Default base='C:\Users\Arnaud\Documents\Log\JMeterFolder\JMeterSelenium\demo\target\a494f6c5-6d75-498f-bcaf-0a3738eac576\jmeter\bin'
2025-04-02 19:34:04,774 INFO o.a.j.s.FileServer: Set new base='C:\Users\Arnaud\Documents\Log\JMeterFolder\JMeterSelenium\demo\target\jmeter\testFiles'
2025-04-02 19:34:05,269 INFO o.a.j.s.SaveService: Testplan (JMX) version: 2.2. Testlog (JTL) version: 2.2
2025-04-02 19:34:05,321 INFO o.a.j.s.SaveService: Using SaveService properties version 5.0
2025-04-02 19:34:05,327 INFO o.a.j.s.SaveService: Using SaveService properties file encoding UTF-8
2025-04-02 19:34:05,336 INFO o.a.j.s.SaveService: Loading file: C:\Users\Arnaud\Documents\Log\JMeterFolder\JMeterSelenium\demo\target\jmeter\testFiles\SQL.jmx
2025-04-02 19:34:05,434 INFO o.a.j.JMeter: Creating summariser <summary>
2025-04-02 19:34:05,440 INFO o.a.j.r.d.ReportGenerator: ReportGenerator will use for Parsing the separator: ','
2025-04-02 19:34:05,440 INFO o.a.j.r.d.ReportGenerator: Will generate report at end of test from  results file: C:\Users\Arnaud\Documents\Log\JMeterFolder\JMeterSelenium\demo\target\jmeter\results\20250402-SQL.csv
2025-04-02 19:34:05,441 INFO o.a.j.r.d.ReportGenerator: Reading report generator properties from: C:\Users\Arnaud\Documents\Log\JMeterFolder\JMeterSelenium\demo\target\a494f6c5-6d75-498f-bcaf-0a3738eac576\jmeter\bin\reportgenerator.properties
2025-04-02 19:34:05,442 INFO o.a.j.r.d.ReportGenerator: Merging with JMeter properties
2025-04-02 19:34:05,452 INFO o.a.j.r.c.ReportGeneratorConfiguration: Property 'jmeter.reportgenerator.temp_dir' not found, using default value 'temp' instead.
2025-04-02 19:34:05,460 INFO o.a.j.r.c.ReportGeneratorConfiguration: Property 'jmeter.reportgenerator.apdex_per_transaction' not found, using default value 'null' instead.
2025-04-02 19:34:05,507 INFO o.a.j.r.c.ReportGeneratorConfiguration: apdex_per_transaction is empty, not APDEX per transaction customization
2025-04-02 19:34:05,507 INFO o.a.j.r.c.ReportGeneratorConfiguration: Property 'jmeter.reportgenerator.sample_filter' not found, using default value 'null' instead.
2025-04-02 19:34:05,508 INFO o.a.j.r.c.ReportGeneratorConfiguration: Property 'jmeter.reportgenerator.report_title' not found, using default value 'null' instead.
2025-04-02 19:34:05,508 INFO o.a.j.r.c.ReportGeneratorConfiguration: Property 'jmeter.reportgenerator.start_date' not found, using default value 'null' instead.
2025-04-02 19:34:05,508 INFO o.a.j.r.c.ReportGeneratorConfiguration: Property 'jmeter.reportgenerator.end_date' not found, using default value 'null' instead.
2025-04-02 19:34:05,509 INFO o.a.j.r.c.ReportGeneratorConfiguration: Property 'jmeter.reportgenerator.date_format' not found, using default value 'null' instead.
2025-04-02 19:34:05,529 INFO o.a.j.r.c.ReportGeneratorConfiguration: Will use date range start date: null, end date: null
2025-04-02 19:34:05,543 INFO o.a.j.r.c.ReportGeneratorConfiguration: Property 'jmeter.reportgenerator.graph.totalTPS.exclude_controllers' not found, using default value 'false' instead.
2025-04-02 19:34:05,544 INFO o.a.j.r.c.ReportGeneratorConfiguration: Property 'jmeter.reportgenerator.graph.activeThreadsOverTime.exclude_controllers' not found, using default value 'false' instead.
2025-04-02 19:34:05,544 INFO o.a.j.r.c.ReportGeneratorConfiguration: Property 'jmeter.reportgenerator.graph.timeVsThreads.exclude_controllers' not found, using default value 'false' instead.
2025-04-02 19:34:05,544 INFO o.a.j.r.c.ReportGeneratorConfiguration: Property 'jmeter.reportgenerator.graph.responseTimeDistribution.exclude_controllers' not found, using default value 'false' instead.
2025-04-02 19:34:05,545 INFO o.a.j.r.c.ReportGeneratorConfiguration: Property 'jmeter.reportgenerator.graph.transactionsPerSecond.exclude_controllers' not found, using default value 'false' instead.
2025-04-02 19:34:05,545 INFO o.a.j.r.c.ReportGeneratorConfiguration: Property 'jmeter.reportgenerator.graph.responseTimePercentiles.exclude_controllers' not found, using default value 'false' instead.
2025-04-02 19:34:05,546 INFO o.a.j.r.c.ReportGeneratorConfiguration: Property 'jmeter.reportgenerator.graph.responseTimePercentilesOverTime.exclude_controllers' not found, using default value 'false' instead.
2025-04-02 19:34:05,546 INFO o.a.j.r.c.ReportGeneratorConfiguration: Property 'jmeter.reportgenerator.graph.responseTimesOverTime.exclude_controllers' not found, using default value 'false' instead.
2025-04-02 19:34:05,547 INFO o.a.j.r.c.ReportGeneratorConfiguration: Property 'jmeter.reportgenerator.graph.connectTimeOverTime.exclude_controllers' not found, using default value 'false' instead.
2025-04-02 19:34:05,548 INFO o.a.j.r.c.ReportGeneratorConfiguration: Property 'jmeter.reportgenerator.graph.latenciesOverTime.exclude_controllers' not found, using default value 'false' instead.
2025-04-02 19:34:05,550 INFO o.a.j.r.c.ReportGeneratorConfiguration: Property 'jmeter.reportgenerator.exporter.json.filters_only_sample_series' not found, using default value 'true' instead.
2025-04-02 19:34:05,550 INFO o.a.j.r.c.ReportGeneratorConfiguration: Property 'jmeter.reportgenerator.exporter.json.series_filter' not found, using default value '' instead.
2025-04-02 19:34:05,550 INFO o.a.j.r.c.ReportGeneratorConfiguration: Property 'jmeter.reportgenerator.exporter.json.show_controllers_only' not found, using default value 'false' instead.
2025-04-02 19:34:05,551 INFO o.a.j.r.c.ReportGeneratorConfiguration: Property 'jmeter.reportgenerator.exporter.html.filters_only_sample_series' not found, using default value 'true' instead.
2025-04-02 19:34:05,551 INFO o.a.j.r.c.ReportGeneratorConfiguration: Property 'jmeter.reportgenerator.exporter.html.series_filter' not found, using default value '' instead.
2025-04-02 19:34:05,551 INFO o.a.j.r.c.ReportGeneratorConfiguration: Property 'jmeter.reportgenerator.exporter.html.show_controllers_only' not found, using default value 'false' instead.
2025-04-02 19:34:05,593 INFO o.a.j.e.StandardJMeterEngine: Running the test!
2025-04-02 19:34:05,595 INFO o.a.j.s.SampleEvent: List of sample_variables: []
2025-04-02 19:34:05,595 INFO o.a.j.s.SampleEvent: List of sample_variables: []
2025-04-02 19:34:05,605 INFO o.a.j.e.u.CompoundVariable: Note: Function class names must contain the string: '.functions.'
2025-04-02 19:34:05,605 INFO o.a.j.e.u.CompoundVariable: Note: Function class names must not contain the string: '.gui.'
2025-04-02 19:34:05,617 INFO o.a.j.r.ClassFinder: Will scan jar C:\Users\Arnaud\Documents\Log\JMeterFolder\JMeterSelenium\demo\target\a494f6c5-6d75-498f-bcaf-0a3738eac576\jmeter\lib\ext\ApacheJMeter_jms-5.5.jar with filter ExtendsClassFilter [parents=[interface org.apache.jmeter.functions.Function], inner=false, contains=null, notContains=null]. Consider exposing JMeter plugins via META-INF/services, and add JMeter-Skip-Class-Scanning=true manifest attribute so JMeter can skip classfile scanning
2025-04-02 19:34:05,658 INFO o.a.j.r.ClassFinder: Will scan jar C:\Users\Arnaud\Documents\Log\JMeterFolder\JMeterSelenium\demo\target\a494f6c5-6d75-498f-bcaf-0a3738eac576\jmeter\lib\ext\ApacheJMeter_mongodb-5.5.jar with filter ExtendsClassFilter [parents=[interface org.apache.jmeter.functions.Function], inner=false, contains=null, notContains=null]. Consider exposing JMeter plugins via META-INF/services, and add JMeter-Skip-Class-Scanning=true manifest attribute so JMeter can skip classfile scanning
2025-04-02 19:34:05,665 INFO o.a.j.r.ClassFinder: Will scan jar C:\Users\Arnaud\Documents\Log\JMeterFolder\JMeterSelenium\demo\target\a494f6c5-6d75-498f-bcaf-0a3738eac576\jmeter\lib\ext\ApacheJMeter_junit-5.5.jar with filter ExtendsClassFilter [parents=[interface org.apache.jmeter.functions.Function], inner=false, contains=null, notContains=null]. Consider exposing JMeter plugins via META-INF/services, and add JMeter-Skip-Class-Scanning=true manifest attribute so JMeter can skip classfile scanning
2025-04-02 19:34:05,669 INFO o.a.j.r.ClassFinder: Will scan jar C:\Users\Arnaud\Documents\Log\JMeterFolder\JMeterSelenium\demo\target\a494f6c5-6d75-498f-bcaf-0a3738eac576\jmeter\lib\ext\ApacheJMeter_jdbc-5.5.jar with filter ExtendsClassFilter [parents=[interface org.apache.jmeter.functions.Function], inner=false, contains=null, notContains=null]. Consider exposing JMeter plugins via META-INF/services, and add JMeter-Skip-Class-Scanning=true manifest attribute so JMeter can skip classfile scanning
2025-04-02 19:34:05,675 INFO o.a.j.r.ClassFinder: Will scan jar C:\Users\Arnaud\Documents\Log\JMeterFolder\JMeterSelenium\demo\target\a494f6c5-6d75-498f-bcaf-0a3738eac576\jmeter\lib\ext\ApacheJMeter_java-5.5.jar with filter ExtendsClassFilter [parents=[interface org.apache.jmeter.functions.Function], inner=false, contains=null, notContains=null]. Consider exposing JMeter plugins via META-INF/services, and add JMeter-Skip-Class-Scanning=true manifest attribute so JMeter can skip classfile scanning
2025-04-02 19:34:05,685 INFO o.a.j.r.ClassFinder: Will scan jar C:\Users\Arnaud\Documents\Log\JMeterFolder\JMeterSelenium\demo\target\a494f6c5-6d75-498f-bcaf-0a3738eac576\jmeter\lib\ext\ApacheJMeter_mail-5.5.jar with filter ExtendsClassFilter [parents=[interface org.apache.jmeter.functions.Function], inner=false, contains=null, notContains=null]. Consider exposing JMeter plugins via META-INF/services, and add JMeter-Skip-Class-Scanning=true manifest attribute so JMeter can skip classfile scanning
2025-04-02 19:34:05,708 INFO o.a.j.r.ClassFinder: Will scan jar C:\Users\Arnaud\Documents\Log\JMeterFolder\JMeterSelenium\demo\target\a494f6c5-6d75-498f-bcaf-0a3738eac576\jmeter\lib\ext\ApacheJMeter_native-5.5.jar with filter ExtendsClassFilter [parents=[interface org.apache.jmeter.functions.Function], inner=false, contains=null, notContains=null]. Consider exposing JMeter plugins via META-INF/services, and add JMeter-Skip-Class-Scanning=true manifest attribute so JMeter can skip classfile scanning
2025-04-02 19:34:05,711 INFO o.a.j.r.ClassFinder: Will scan jar C:\Users\Arnaud\Documents\Log\JMeterFolder\JMeterSelenium\demo\target\a494f6c5-6d75-498f-bcaf-0a3738eac576\jmeter\lib\ext\ApacheJMeter_bolt-5.5.jar with filter ExtendsClassFilter [parents=[interface org.apache.jmeter.functions.Function], inner=false, contains=null, notContains=null]. Consider exposing JMeter plugins via META-INF/services, and add JMeter-Skip-Class-Scanning=true manifest attribute so JMeter can skip classfile scanning
2025-04-02 19:34:05,716 INFO o.a.j.r.ClassFinder: Will scan jar C:\Users\Arnaud\Documents\Log\JMeterFolder\JMeterSelenium\demo\target\a494f6c5-6d75-498f-bcaf-0a3738eac576\jmeter\lib\ext\ApacheJMeter_functions-5.5.jar with filter ExtendsClassFilter [parents=[interface org.apache.jmeter.functions.Function], inner=false, contains=null, notContains=null]. Consider exposing JMeter plugins via META-INF/services, and add JMeter-Skip-Class-Scanning=true manifest attribute so JMeter can skip classfile scanning
2025-04-02 19:34:05,741 INFO o.a.j.r.ClassFinder: Will scan jar C:\Users\Arnaud\Documents\Log\JMeterFolder\JMeterSelenium\demo\target\a494f6c5-6d75-498f-bcaf-0a3738eac576\jmeter\lib\ext\ApacheJMeter_tcp-5.5.jar with filter ExtendsClassFilter [parents=[interface org.apache.jmeter.functions.Function], inner=false, contains=null, notContains=null]. Consider exposing JMeter plugins via META-INF/services, and add JMeter-Skip-Class-Scanning=true manifest attribute so JMeter can skip classfile scanning
2025-04-02 19:34:05,748 INFO o.a.j.r.ClassFinder: Will scan jar C:\Users\Arnaud\Documents\Log\JMeterFolder\JMeterSelenium\demo\target\a494f6c5-6d75-498f-bcaf-0a3738eac576\jmeter\lib\ext\jmeter-plugins-webdriver-4.13.0.2.jar with filter ExtendsClassFilter [parents=[interface org.apache.jmeter.functions.Function], inner=false, contains=null, notContains=null]. Consider exposing JMeter plugins via META-INF/services, and add JMeter-Skip-Class-Scanning=true manifest attribute so JMeter can skip classfile scanning
2025-04-02 19:34:05,776 INFO o.a.j.r.ClassFinder: Will scan jar C:\Users\Arnaud\Documents\Log\JMeterFolder\JMeterSelenium\demo\target\a494f6c5-6d75-498f-bcaf-0a3738eac576\jmeter\lib\ext\ApacheJMeter_ftp-5.5.jar with filter ExtendsClassFilter [parents=[interface org.apache.jmeter.functions.Function], inner=false, contains=null, notContains=null]. Consider exposing JMeter plugins via META-INF/services, and add JMeter-Skip-Class-Scanning=true manifest attribute so JMeter can skip classfile scanning
2025-04-02 19:34:05,781 INFO o.a.j.r.ClassFinder: Will scan jar C:\Users\Arnaud\Documents\Log\JMeterFolder\JMeterSelenium\demo\target\a494f6c5-6d75-498f-bcaf-0a3738eac576\jmeter\lib\ext\ApacheJMeter_ldap-5.5.jar with filter ExtendsClassFilter [parents=[interface org.apache.jmeter.functions.Function], inner=false, contains=null, notContains=null]. Consider exposing JMeter plugins via META-INF/services, and add JMeter-Skip-Class-Scanning=true manifest attribute so JMeter can skip classfile scanning
2025-04-02 19:34:05,796 INFO o.a.j.r.ClassFinder: Will scan jar C:\Users\Arnaud\Documents\Log\JMeterFolder\JMeterSelenium\demo\target\a494f6c5-6d75-498f-bcaf-0a3738eac576\jmeter\lib\ext\ApacheJMeter_components-5.5.jar with filter ExtendsClassFilter [parents=[interface org.apache.jmeter.functions.Function], inner=false, contains=null, notContains=null]. Consider exposing JMeter plugins via META-INF/services, and add JMeter-Skip-Class-Scanning=true manifest attribute so JMeter can skip classfile scanning
2025-04-02 19:34:05,997 INFO o.a.j.r.ClassFinder: Will scan jar C:\Users\Arnaud\Documents\Log\JMeterFolder\JMeterSelenium\demo\target\a494f6c5-6d75-498f-bcaf-0a3738eac576\jmeter\lib\ext\ApacheJMeter_core-5.5.jar with filter ExtendsClassFilter [parents=[interface org.apache.jmeter.functions.Function], inner=false, contains=null, notContains=null]. Consider exposing JMeter plugins via META-INF/services, and add JMeter-Skip-Class-Scanning=true manifest attribute so JMeter can skip classfile scanning
2025-04-02 19:34:06,129 INFO o.a.j.r.ClassFinder: Will scan jar C:\Users\Arnaud\Documents\Log\JMeterFolder\JMeterSelenium\demo\target\a494f6c5-6d75-498f-bcaf-0a3738eac576\jmeter\lib\ext\ApacheJMeter_http-5.5.jar with filter ExtendsClassFilter [parents=[interface org.apache.jmeter.functions.Function], inner=false, contains=null, notContains=null]. Consider exposing JMeter plugins via META-INF/services, and add JMeter-Skip-Class-Scanning=true manifest attribute so JMeter can skip classfile scanning
2025-04-02 19:34:06,372 INFO o.a.j.JMeter: Lancer test (1743615246372)
2025-04-02 19:34:06,413 INFO o.a.j.e.StandardJMeterEngine: Starting ThreadGroup: 1 : ControlerSQL
2025-04-02 19:34:06,413 INFO o.a.j.e.StandardJMeterEngine: Starting 1 threads for group ControlerSQL.
2025-04-02 19:34:06,413 INFO o.a.j.e.StandardJMeterEngine: Thread will continue on error
2025-04-02 19:34:06,414 INFO o.a.j.t.ThreadGroup: Starting thread group... number=1 threads=1 ramp-up=1 delayedStart=false
2025-04-02 19:34:06,418 INFO o.a.j.t.ThreadGroup: Started thread group number 1
2025-04-02 19:34:06,418 INFO o.a.j.e.StandardJMeterEngine: All thread groups have been started
2025-04-02 19:34:06,420 INFO o.a.j.t.JMeterThread: Thread started: ControlerSQL 1-1
2025-04-02 19:34:06,422 INFO o.a.j.s.SampleResult: Note: Sample TimeStamps are START times
2025-04-02 19:34:06,422 INFO o.a.j.s.SampleResult: sampleresult.default.encoding is set to UTF-8
2025-04-02 19:34:06,422 INFO o.a.j.s.SampleResult: sampleresult.useNanoTime=true
2025-04-02 19:34:06,422 INFO o.a.j.s.SampleResult: sampleresult.nanoThreadSleep=5000
2025-04-02 19:34:27,759 INFO o.a.j.t.JMeterThread: Thread is done: ControlerSQL 1-1
2025-04-02 19:34:27,759 INFO o.a.j.t.JMeterThread: Thread finished: ControlerSQL 1-1
2025-04-02 19:34:27,760 INFO o.a.j.e.StandardJMeterEngine: Notifying test listeners of end of test
2025-04-02 19:34:27,762 INFO o.a.j.r.Summariser: summary =      1 in 00:00:21 =    0,0/s Avg: 21334 Min: 21334 Max: 21334 Err:     1 (100,00%)
2025-04-02 19:34:27,762 INFO o.a.j.JMeter: Generating Dashboard
2025-04-02 19:34:27,762 INFO o.a.j.r.d.ReportGenerator: Flushing result collector before report Generation
2025-04-02 19:34:27,779 INFO o.a.j.r.p.NormalizerSampleConsumer: Using format, 'ms', to parse timeStamp field
2025-04-02 19:34:27,930 INFO o.a.j.r.p.AbstractSampleConsumer: class org.apache.jmeter.report.processor.AggregateConsumer#stopProducing(): beginDate produced 0 samples
2025-04-02 19:34:27,930 INFO o.a.j.r.p.AbstractSampleConsumer: class org.apache.jmeter.report.processor.AggregateConsumer#stopProducing(): endDate produced 0 samples
2025-04-02 19:34:27,933 INFO o.a.j.r.p.AbstractSampleConsumer: class org.apache.jmeter.report.processor.ApdexSummaryConsumer#stopProducing(): apdexSummary produced 0 samples
2025-04-02 19:34:27,933 INFO o.a.j.r.p.AbstractSampleConsumer: class org.apache.jmeter.report.processor.RequestsSummaryConsumer#stopProducing(): requestsSummary produced 0 samples
2025-04-02 19:34:27,938 INFO o.a.j.r.p.AbstractSampleConsumer: class org.apache.jmeter.report.processor.StatisticsSummaryConsumer#stopProducing(): statisticsSummary produced 0 samples
2025-04-02 19:34:27,941 INFO o.a.j.r.p.AbstractSampleConsumer: class org.apache.jmeter.report.processor.Top5ErrorsBySamplerConsumer#stopProducing(): top5ErrorsBySampler produced 0 samples
2025-04-02 19:34:27,941 INFO o.a.j.r.p.AbstractSampleConsumer: class org.apache.jmeter.report.processor.ErrorsSummaryConsumer#stopProducing(): errorsSummary produced 0 samples
2025-04-02 19:34:27,941 INFO o.a.j.r.p.AbstractSampleConsumer: class org.apache.jmeter.report.processor.graph.impl.HitsPerSecondGraphConsumer#stopProducing(): hitsPerSecond produced 0 samples
2025-04-02 19:34:27,951 INFO o.a.j.r.p.AbstractSampleConsumer: class org.apache.jmeter.report.processor.graph.impl.LatencyVSRequestGraphConsumer#stopProducing(): latencyVsRequest produced 0 samples
2025-04-02 19:34:27,951 INFO o.a.j.r.p.AbstractSampleConsumer: class org.apache.jmeter.report.processor.graph.impl.SyntheticResponseTimeDistributionGraphConsumer#stopProducing(): syntheticResponseTimeDistribution produced 0 samples
2025-04-02 19:34:27,952 INFO o.a.j.r.p.AbstractSampleConsumer: class org.apache.jmeter.report.processor.graph.impl.BytesThroughputGraphConsumer#stopProducing(): bytesThroughputOverTime produced 0 samples
2025-04-02 19:34:27,952 INFO o.a.j.r.p.AbstractSampleConsumer: class org.apache.jmeter.report.processor.graph.impl.CodesPerSecondGraphConsumer#stopProducing(): codesPerSecond produced 0 samples
2025-04-02 19:34:27,956 INFO o.a.j.r.p.AbstractSampleConsumer: class org.apache.jmeter.report.processor.graph.impl.ResponseTimeVSRequestGraphConsumer#stopProducing(): responseTimeVsRequest produced 0 samples
2025-04-02 19:34:27,956 INFO o.a.j.r.p.AbstractSampleConsumer: class org.apache.jmeter.report.processor.FilterConsumer#stopProducing(): startIntervalControlerFilter produced 0 samples
2025-04-02 19:34:27,956 INFO o.a.j.r.p.AbstractSampleConsumer: class org.apache.jmeter.report.processor.graph.impl.TotalTPSGraphConsumer#stopProducing(): totalTPS produced 0 samples
2025-04-02 19:34:27,957 INFO o.a.j.r.p.AbstractSampleConsumer: class org.apache.jmeter.report.processor.graph.impl.ActiveThreadsGraphConsumer#stopProducing(): activeThreadsOverTime produced 0 samples
2025-04-02 19:34:27,957 INFO o.a.j.r.p.AbstractSampleConsumer: class org.apache.jmeter.report.processor.graph.impl.TimeVSThreadGraphConsumer#stopProducing(): timeVsThreads produced 0 samples
2025-04-02 19:34:27,957 INFO o.a.j.r.p.AbstractSampleConsumer: class org.apache.jmeter.report.processor.graph.impl.ResponseTimeDistributionGraphConsumer#stopProducing(): responseTimeDistribution produced 0 samples
2025-04-02 19:34:27,957 INFO o.a.j.r.p.AbstractSampleConsumer: class org.apache.jmeter.report.processor.graph.impl.TransactionsPerSecondGraphConsumer#stopProducing(): transactionsPerSecond produced 0 samples
2025-04-02 19:34:27,957 INFO o.a.j.r.p.AbstractSampleConsumer: class org.apache.jmeter.report.processor.graph.impl.ResponseTimePercentilesGraphConsumer#stopProducing(): responseTimePercentiles produced 0 samples
2025-04-02 19:34:27,957 INFO o.a.j.r.p.AbstractSampleConsumer: class org.apache.jmeter.report.processor.graph.impl.ResponseTimePercentilesOverTimeGraphConsumer#stopProducing(): responseTimePercentilesOverTime produced 0 samples
2025-04-02 19:34:27,958 INFO o.a.j.r.p.AbstractSampleConsumer: class org.apache.jmeter.report.processor.graph.impl.ResponseTimeOverTimeGraphConsumer#stopProducing(): responseTimesOverTime produced 0 samples
2025-04-02 19:34:27,958 INFO o.a.j.r.p.AbstractSampleConsumer: class org.apache.jmeter.report.processor.graph.impl.ConnectTimeOverTimeGraphConsumer#stopProducing(): connectTimeOverTime produced 0 samples
2025-04-02 19:34:27,958 INFO o.a.j.r.p.AbstractSampleConsumer: class org.apache.jmeter.report.processor.graph.impl.LatencyOverTimeGraphConsumer#stopProducing(): latenciesOverTime produced 0 samples
2025-04-02 19:34:27,958 INFO o.a.j.r.p.AbstractSampleConsumer: class org.apache.jmeter.report.processor.FilterConsumer#stopProducing(): nameFilter produced 3 samples
2025-04-02 19:34:27,958 INFO o.a.j.r.p.AbstractSampleConsumer: class org.apache.jmeter.report.processor.FilterConsumer#stopProducing(): dateRangeFilter produced 2 samples
2025-04-02 19:34:27,958 INFO o.a.j.r.p.AbstractSampleConsumer: class org.apache.jmeter.report.processor.NormalizerSampleConsumer#stopProducing(): normalizer produced 0 samples
