2025-04-02 13:53:31,427 INFO o.a.j.u.JMeterUtils: Setting Locale to fr_FR
2025-04-02 13:53:31,478 INFO o.a.j.u.JMeterUtils: Could not find resources for 'fr_FR', using 'fr'
2025-04-02 13:53:31,479 INFO o.a.j.JMeter: Loading system properties from: system.properties
2025-04-02 13:53:31,494 INFO o.a.j.JMeter: Copyright (c) 1998-2024 The Apache Software Foundation
2025-04-02 13:53:31,494 INFO o.a.j.JMeter: Version 5.6.3
2025-04-02 13:53:31,494 INFO o.a.j.JMeter: java.version=21.0.2
2025-04-02 13:53:31,494 INFO o.a.j.JMeter: java.vm.name=Java HotSpot(TM) 64-Bit Server VM
2025-04-02 13:53:31,494 INFO o.a.j.JMeter: os.name=Windows 11
2025-04-02 13:53:31,494 INFO o.a.j.JMeter: os.arch=amd64
2025-04-02 13:53:31,495 INFO o.a.j.JMeter: os.version=10.0
2025-04-02 13:53:31,495 INFO o.a.j.JMeter: file.encoding=UTF-8
2025-04-02 13:53:31,496 INFO o.a.j.JMeter: java.awt.headless=null
2025-04-02 13:53:31,496 INFO o.a.j.JMeter: Max memory     =536870912
2025-04-02 13:53:31,496 INFO o.a.j.JMeter: Available Processors =4
2025-04-02 13:53:31,516 INFO o.a.j.JMeter: Default Locale=français (France)
2025-04-02 13:53:31,516 INFO o.a.j.JMeter: JMeter  Locale=français (France)
2025-04-02 13:53:31,516 INFO o.a.j.JMeter: JMeterHome=C:\Users\Arnaud\Documents\Log\JMeterFolder\JMeterSelenium\demo\target\7b946da2-1fe3-45e8-b9a7-a920aba10c03\jmeter
2025-04-02 13:53:31,516 INFO o.a.j.JMeter: user.dir  =C:\Users\Arnaud\Documents\Log\JMeterFolder\JMeterSelenium\demo\target\7b946da2-1fe3-45e8-b9a7-a920aba10c03\jmeter\bin
2025-04-02 13:53:31,517 INFO o.a.j.JMeter: PWD       =C:\Users\Arnaud\Documents\Log\JMeterFolder\JMeterSelenium\demo\target\7b946da2-1fe3-45e8-b9a7-a920aba10c03\jmeter\bin
2025-04-02 13:53:31,520 INFO o.a.j.JMeter: IP: 172.19.160.1 Name: DESKTOP-JRAMTUQ FullName: DESKTOP-JRAMTUQ.mshome.net
2025-04-02 13:53:31,540 INFO o.a.j.JMeter: Loaded icon properties from org/apache/jmeter/images/icon.properties
2025-04-02 13:53:31,913 INFO o.a.j.JMeterGuiLauncher: Setting LAF to: com.github.weisj.darklaf.DarkLaf:com.github.weisj.darklaf.theme.DarculaTheme
2025-04-02 13:53:33,674 INFO o.a.j.r.ClassFinder: Will scan jar C:\Users\Arnaud\Documents\Log\JMeterFolder\JMeterSelenium\demo\target\7b946da2-1fe3-45e8-b9a7-a920aba10c03\jmeter\lib\ext\ApacheJMeter_jms-5.5.jar with filter ExtendsClassFilter [parents=[interface org.apache.jmeter.gui.action.Command], inner=false, contains=null, notContains=null]. Consider exposing JMeter plugins via META-INF/services, and add JMeter-Skip-Class-Scanning=true manifest attribute so JMeter can skip classfile scanning
2025-04-02 13:53:33,701 INFO o.a.j.r.ClassFinder: Will scan jar C:\Users\Arnaud\Documents\Log\JMeterFolder\JMeterSelenium\demo\target\7b946da2-1fe3-45e8-b9a7-a920aba10c03\jmeter\lib\ext\ApacheJMeter_ldap-5.5.jar with filter ExtendsClassFilter [parents=[interface org.apache.jmeter.gui.action.Command], inner=false, contains=null, notContains=null]. Consider exposing JMeter plugins via META-INF/services, and add JMeter-Skip-Class-Scanning=true manifest attribute so JMeter can skip classfile scanning
2025-04-02 13:53:33,715 INFO o.a.j.r.ClassFinder: Will scan jar C:\Users\Arnaud\Documents\Log\JMeterFolder\JMeterSelenium\demo\target\7b946da2-1fe3-45e8-b9a7-a920aba10c03\jmeter\lib\ext\ApacheJMeter_junit-5.5.jar with filter ExtendsClassFilter [parents=[interface org.apache.jmeter.gui.action.Command], inner=false, contains=null, notContains=null]. Consider exposing JMeter plugins via META-INF/services, and add JMeter-Skip-Class-Scanning=true manifest attribute so JMeter can skip classfile scanning
2025-04-02 13:53:33,724 INFO o.a.j.r.ClassFinder: Will scan jar C:\Users\Arnaud\Documents\Log\JMeterFolder\JMeterSelenium\demo\target\7b946da2-1fe3-45e8-b9a7-a920aba10c03\jmeter\lib\ext\ApacheJMeter_components-5.5.jar with filter ExtendsClassFilter [parents=[interface org.apache.jmeter.gui.action.Command], inner=false, contains=null, notContains=null]. Consider exposing JMeter plugins via META-INF/services, and add JMeter-Skip-Class-Scanning=true manifest attribute so JMeter can skip classfile scanning
2025-04-02 13:53:33,897 INFO o.a.j.r.ClassFinder: Will scan jar C:\Users\Arnaud\Documents\Log\JMeterFolder\JMeterSelenium\demo\target\7b946da2-1fe3-45e8-b9a7-a920aba10c03\jmeter\lib\ext\jmeter-plugins-webdriver-4.13.0.2.jar with filter ExtendsClassFilter [parents=[interface org.apache.jmeter.gui.action.Command], inner=false, contains=null, notContains=null]. Consider exposing JMeter plugins via META-INF/services, and add JMeter-Skip-Class-Scanning=true manifest attribute so JMeter can skip classfile scanning
2025-04-02 13:53:33,916 INFO o.a.j.r.ClassFinder: Will scan jar C:\Users\Arnaud\Documents\Log\JMeterFolder\JMeterSelenium\demo\target\7b946da2-1fe3-45e8-b9a7-a920aba10c03\jmeter\lib\ext\ApacheJMeter_core-5.5.jar with filter ExtendsClassFilter [parents=[interface org.apache.jmeter.gui.action.Command], inner=false, contains=null, notContains=null]. Consider exposing JMeter plugins via META-INF/services, and add JMeter-Skip-Class-Scanning=true manifest attribute so JMeter can skip classfile scanning
2025-04-02 13:53:34,106 INFO o.a.j.r.ClassFinder: Will scan jar C:\Users\Arnaud\Documents\Log\JMeterFolder\JMeterSelenium\demo\target\7b946da2-1fe3-45e8-b9a7-a920aba10c03\jmeter\lib\ext\ApacheJMeter_http-5.5.jar with filter ExtendsClassFilter [parents=[interface org.apache.jmeter.gui.action.Command], inner=false, contains=null, notContains=null]. Consider exposing JMeter plugins via META-INF/services, and add JMeter-Skip-Class-Scanning=true manifest attribute so JMeter can skip classfile scanning
2025-04-02 13:53:34,214 INFO o.a.j.r.ClassFinder: Will scan jar C:\Users\Arnaud\Documents\Log\JMeterFolder\JMeterSelenium\demo\target\7b946da2-1fe3-45e8-b9a7-a920aba10c03\jmeter\lib\ext\ApacheJMeter_native-5.5.jar with filter ExtendsClassFilter [parents=[interface org.apache.jmeter.gui.action.Command], inner=false, contains=null, notContains=null]. Consider exposing JMeter plugins via META-INF/services, and add JMeter-Skip-Class-Scanning=true manifest attribute so JMeter can skip classfile scanning
2025-04-02 13:53:34,217 INFO o.a.j.r.ClassFinder: Will scan jar C:\Users\Arnaud\Documents\Log\JMeterFolder\JMeterSelenium\demo\target\7b946da2-1fe3-45e8-b9a7-a920aba10c03\jmeter\lib\ext\ApacheJMeter_java-5.5.jar with filter ExtendsClassFilter [parents=[interface org.apache.jmeter.gui.action.Command], inner=false, contains=null, notContains=null]. Consider exposing JMeter plugins via META-INF/services, and add JMeter-Skip-Class-Scanning=true manifest attribute so JMeter can skip classfile scanning
2025-04-02 13:53:34,234 INFO o.a.j.r.ClassFinder: Will scan jar C:\Users\Arnaud\Documents\Log\JMeterFolder\JMeterSelenium\demo\target\7b946da2-1fe3-45e8-b9a7-a920aba10c03\jmeter\lib\ext\ApacheJMeter_functions-5.5.jar with filter ExtendsClassFilter [parents=[interface org.apache.jmeter.gui.action.Command], inner=false, contains=null, notContains=null]. Consider exposing JMeter plugins via META-INF/services, and add JMeter-Skip-Class-Scanning=true manifest attribute so JMeter can skip classfile scanning
2025-04-02 13:53:34,265 INFO o.a.j.r.ClassFinder: Will scan jar C:\Users\Arnaud\Documents\Log\JMeterFolder\JMeterSelenium\demo\target\7b946da2-1fe3-45e8-b9a7-a920aba10c03\jmeter\lib\ext\ApacheJMeter_jdbc-5.5.jar with filter ExtendsClassFilter [parents=[interface org.apache.jmeter.gui.action.Command], inner=false, contains=null, notContains=null]. Consider exposing JMeter plugins via META-INF/services, and add JMeter-Skip-Class-Scanning=true manifest attribute so JMeter can skip classfile scanning
2025-04-02 13:53:34,280 INFO o.a.j.r.ClassFinder: Will scan jar C:\Users\Arnaud\Documents\Log\JMeterFolder\JMeterSelenium\demo\target\7b946da2-1fe3-45e8-b9a7-a920aba10c03\jmeter\lib\ext\ApacheJMeter_ftp-5.5.jar with filter ExtendsClassFilter [parents=[interface org.apache.jmeter.gui.action.Command], inner=false, contains=null, notContains=null]. Consider exposing JMeter plugins via META-INF/services, and add JMeter-Skip-Class-Scanning=true manifest attribute so JMeter can skip classfile scanning
2025-04-02 13:53:34,284 INFO o.a.j.r.ClassFinder: Will scan jar C:\Users\Arnaud\Documents\Log\JMeterFolder\JMeterSelenium\demo\target\7b946da2-1fe3-45e8-b9a7-a920aba10c03\jmeter\lib\ext\ApacheJMeter_tcp-5.5.jar with filter ExtendsClassFilter [parents=[interface org.apache.jmeter.gui.action.Command], inner=false, contains=null, notContains=null]. Consider exposing JMeter plugins via META-INF/services, and add JMeter-Skip-Class-Scanning=true manifest attribute so JMeter can skip classfile scanning
2025-04-02 13:53:34,291 INFO o.a.j.r.ClassFinder: Will scan jar C:\Users\Arnaud\Documents\Log\JMeterFolder\JMeterSelenium\demo\target\7b946da2-1fe3-45e8-b9a7-a920aba10c03\jmeter\lib\ext\ApacheJMeter_mongodb-5.5.jar with filter ExtendsClassFilter [parents=[interface org.apache.jmeter.gui.action.Command], inner=false, contains=null, notContains=null]. Consider exposing JMeter plugins via META-INF/services, and add JMeter-Skip-Class-Scanning=true manifest attribute so JMeter can skip classfile scanning
2025-04-02 13:53:34,296 INFO o.a.j.r.ClassFinder: Will scan jar C:\Users\Arnaud\Documents\Log\JMeterFolder\JMeterSelenium\demo\target\7b946da2-1fe3-45e8-b9a7-a920aba10c03\jmeter\lib\ext\ApacheJMeter_bolt-5.5.jar with filter ExtendsClassFilter [parents=[interface org.apache.jmeter.gui.action.Command], inner=false, contains=null, notContains=null]. Consider exposing JMeter plugins via META-INF/services, and add JMeter-Skip-Class-Scanning=true manifest attribute so JMeter can skip classfile scanning
2025-04-02 13:53:34,300 INFO o.a.j.r.ClassFinder: Will scan jar C:\Users\Arnaud\Documents\Log\JMeterFolder\JMeterSelenium\demo\target\7b946da2-1fe3-45e8-b9a7-a920aba10c03\jmeter\lib\ext\ApacheJMeter_mail-5.5.jar with filter ExtendsClassFilter [parents=[interface org.apache.jmeter.gui.action.Command], inner=false, contains=null, notContains=null]. Consider exposing JMeter plugins via META-INF/services, and add JMeter-Skip-Class-Scanning=true manifest attribute so JMeter can skip classfile scanning
2025-04-02 13:53:35,035 INFO o.a.j.r.ClassFinder: Will scan jar C:\Users\Arnaud\Documents\Log\JMeterFolder\JMeterSelenium\demo\target\7b946da2-1fe3-45e8-b9a7-a920aba10c03\jmeter\lib\ext\ApacheJMeter_jms-5.5.jar with filter ExtendsClassFilter [parents=[interface org.apache.jmeter.gui.plugin.MenuCreator], inner=false, contains=null, notContains=null]. Consider exposing JMeter plugins via META-INF/services, and add JMeter-Skip-Class-Scanning=true manifest attribute so JMeter can skip classfile scanning
2025-04-02 13:53:35,037 INFO o.a.j.r.ClassFinder: Will scan jar C:\Users\Arnaud\Documents\Log\JMeterFolder\JMeterSelenium\demo\target\7b946da2-1fe3-45e8-b9a7-a920aba10c03\jmeter\lib\ext\ApacheJMeter_ldap-5.5.jar with filter ExtendsClassFilter [parents=[interface org.apache.jmeter.gui.plugin.MenuCreator], inner=false, contains=null, notContains=null]. Consider exposing JMeter plugins via META-INF/services, and add JMeter-Skip-Class-Scanning=true manifest attribute so JMeter can skip classfile scanning
2025-04-02 13:53:35,038 INFO o.a.j.r.ClassFinder: Will scan jar C:\Users\Arnaud\Documents\Log\JMeterFolder\JMeterSelenium\demo\target\7b946da2-1fe3-45e8-b9a7-a920aba10c03\jmeter\lib\ext\ApacheJMeter_junit-5.5.jar with filter ExtendsClassFilter [parents=[interface org.apache.jmeter.gui.plugin.MenuCreator], inner=false, contains=null, notContains=null]. Consider exposing JMeter plugins via META-INF/services, and add JMeter-Skip-Class-Scanning=true manifest attribute so JMeter can skip classfile scanning
2025-04-02 13:53:35,038 INFO o.a.j.r.ClassFinder: Will scan jar C:\Users\Arnaud\Documents\Log\JMeterFolder\JMeterSelenium\demo\target\7b946da2-1fe3-45e8-b9a7-a920aba10c03\jmeter\lib\ext\ApacheJMeter_components-5.5.jar with filter ExtendsClassFilter [parents=[interface org.apache.jmeter.gui.plugin.MenuCreator], inner=false, contains=null, notContains=null]. Consider exposing JMeter plugins via META-INF/services, and add JMeter-Skip-Class-Scanning=true manifest attribute so JMeter can skip classfile scanning
2025-04-02 13:53:35,040 INFO o.a.j.r.ClassFinder: Will scan jar C:\Users\Arnaud\Documents\Log\JMeterFolder\JMeterSelenium\demo\target\7b946da2-1fe3-45e8-b9a7-a920aba10c03\jmeter\lib\ext\jmeter-plugins-webdriver-4.13.0.2.jar with filter ExtendsClassFilter [parents=[interface org.apache.jmeter.gui.plugin.MenuCreator], inner=false, contains=null, notContains=null]. Consider exposing JMeter plugins via META-INF/services, and add JMeter-Skip-Class-Scanning=true manifest attribute so JMeter can skip classfile scanning
2025-04-02 13:53:35,041 INFO o.a.j.r.ClassFinder: Will scan jar C:\Users\Arnaud\Documents\Log\JMeterFolder\JMeterSelenium\demo\target\7b946da2-1fe3-45e8-b9a7-a920aba10c03\jmeter\lib\ext\ApacheJMeter_core-5.5.jar with filter ExtendsClassFilter [parents=[interface org.apache.jmeter.gui.plugin.MenuCreator], inner=false, contains=null, notContains=null]. Consider exposing JMeter plugins via META-INF/services, and add JMeter-Skip-Class-Scanning=true manifest attribute so JMeter can skip classfile scanning
2025-04-02 13:53:35,046 INFO o.a.j.r.ClassFinder: Will scan jar C:\Users\Arnaud\Documents\Log\JMeterFolder\JMeterSelenium\demo\target\7b946da2-1fe3-45e8-b9a7-a920aba10c03\jmeter\lib\ext\ApacheJMeter_http-5.5.jar with filter ExtendsClassFilter [parents=[interface org.apache.jmeter.gui.plugin.MenuCreator], inner=false, contains=null, notContains=null]. Consider exposing JMeter plugins via META-INF/services, and add JMeter-Skip-Class-Scanning=true manifest attribute so JMeter can skip classfile scanning
2025-04-02 13:53:35,047 INFO o.a.j.r.ClassFinder: Will scan jar C:\Users\Arnaud\Documents\Log\JMeterFolder\JMeterSelenium\demo\target\7b946da2-1fe3-45e8-b9a7-a920aba10c03\jmeter\lib\ext\ApacheJMeter_native-5.5.jar with filter ExtendsClassFilter [parents=[interface org.apache.jmeter.gui.plugin.MenuCreator], inner=false, contains=null, notContains=null]. Consider exposing JMeter plugins via META-INF/services, and add JMeter-Skip-Class-Scanning=true manifest attribute so JMeter can skip classfile scanning
2025-04-02 13:53:35,048 INFO o.a.j.r.ClassFinder: Will scan jar C:\Users\Arnaud\Documents\Log\JMeterFolder\JMeterSelenium\demo\target\7b946da2-1fe3-45e8-b9a7-a920aba10c03\jmeter\lib\ext\ApacheJMeter_java-5.5.jar with filter ExtendsClassFilter [parents=[interface org.apache.jmeter.gui.plugin.MenuCreator], inner=false, contains=null, notContains=null]. Consider exposing JMeter plugins via META-INF/services, and add JMeter-Skip-Class-Scanning=true manifest attribute so JMeter can skip classfile scanning
2025-04-02 13:53:35,049 INFO o.a.j.r.ClassFinder: Will scan jar C:\Users\Arnaud\Documents\Log\JMeterFolder\JMeterSelenium\demo\target\7b946da2-1fe3-45e8-b9a7-a920aba10c03\jmeter\lib\ext\ApacheJMeter_functions-5.5.jar with filter ExtendsClassFilter [parents=[interface org.apache.jmeter.gui.plugin.MenuCreator], inner=false, contains=null, notContains=null]. Consider exposing JMeter plugins via META-INF/services, and add JMeter-Skip-Class-Scanning=true manifest attribute so JMeter can skip classfile scanning
2025-04-02 13:53:35,051 INFO o.a.j.r.ClassFinder: Will scan jar C:\Users\Arnaud\Documents\Log\JMeterFolder\JMeterSelenium\demo\target\7b946da2-1fe3-45e8-b9a7-a920aba10c03\jmeter\lib\ext\ApacheJMeter_jdbc-5.5.jar with filter ExtendsClassFilter [parents=[interface org.apache.jmeter.gui.plugin.MenuCreator], inner=false, contains=null, notContains=null]. Consider exposing JMeter plugins via META-INF/services, and add JMeter-Skip-Class-Scanning=true manifest attribute so JMeter can skip classfile scanning
2025-04-02 13:53:35,056 INFO o.a.j.r.ClassFinder: Will scan jar C:\Users\Arnaud\Documents\Log\JMeterFolder\JMeterSelenium\demo\target\7b946da2-1fe3-45e8-b9a7-a920aba10c03\jmeter\lib\ext\ApacheJMeter_ftp-5.5.jar with filter ExtendsClassFilter [parents=[interface org.apache.jmeter.gui.plugin.MenuCreator], inner=false, contains=null, notContains=null]. Consider exposing JMeter plugins via META-INF/services, and add JMeter-Skip-Class-Scanning=true manifest attribute so JMeter can skip classfile scanning
2025-04-02 13:53:35,057 INFO o.a.j.r.ClassFinder: Will scan jar C:\Users\Arnaud\Documents\Log\JMeterFolder\JMeterSelenium\demo\target\7b946da2-1fe3-45e8-b9a7-a920aba10c03\jmeter\lib\ext\ApacheJMeter_tcp-5.5.jar with filter ExtendsClassFilter [parents=[interface org.apache.jmeter.gui.plugin.MenuCreator], inner=false, contains=null, notContains=null]. Consider exposing JMeter plugins via META-INF/services, and add JMeter-Skip-Class-Scanning=true manifest attribute so JMeter can skip classfile scanning
2025-04-02 13:53:35,059 INFO o.a.j.r.ClassFinder: Will scan jar C:\Users\Arnaud\Documents\Log\JMeterFolder\JMeterSelenium\demo\target\7b946da2-1fe3-45e8-b9a7-a920aba10c03\jmeter\lib\ext\ApacheJMeter_mongodb-5.5.jar with filter ExtendsClassFilter [parents=[interface org.apache.jmeter.gui.plugin.MenuCreator], inner=false, contains=null, notContains=null]. Consider exposing JMeter plugins via META-INF/services, and add JMeter-Skip-Class-Scanning=true manifest attribute so JMeter can skip classfile scanning
2025-04-02 13:53:35,060 INFO o.a.j.r.ClassFinder: Will scan jar C:\Users\Arnaud\Documents\Log\JMeterFolder\JMeterSelenium\demo\target\7b946da2-1fe3-45e8-b9a7-a920aba10c03\jmeter\lib\ext\ApacheJMeter_bolt-5.5.jar with filter ExtendsClassFilter [parents=[interface org.apache.jmeter.gui.plugin.MenuCreator], inner=false, contains=null, notContains=null]. Consider exposing JMeter plugins via META-INF/services, and add JMeter-Skip-Class-Scanning=true manifest attribute so JMeter can skip classfile scanning
2025-04-02 13:53:35,061 INFO o.a.j.r.ClassFinder: Will scan jar C:\Users\Arnaud\Documents\Log\JMeterFolder\JMeterSelenium\demo\target\7b946da2-1fe3-45e8-b9a7-a920aba10c03\jmeter\lib\ext\ApacheJMeter_mail-5.5.jar with filter ExtendsClassFilter [parents=[interface org.apache.jmeter.gui.plugin.MenuCreator], inner=false, contains=null, notContains=null]. Consider exposing JMeter plugins via META-INF/services, and add JMeter-Skip-Class-Scanning=true manifest attribute so JMeter can skip classfile scanning
2025-04-02 13:55:34,343 INFO o.a.j.s.FileServer: Default base='C:\Users\Arnaud\Documents\Log\JMeterFolder\JMeterSelenium\demo\target\7b946da2-1fe3-45e8-b9a7-a920aba10c03\jmeter\bin'
2025-04-02 13:55:34,349 INFO o.a.j.g.a.Load: Loading file: C:\Users\Arnaud\Documents\Log\JMeterFolder\JMeterSelenium\demo\src\test\jmeter\TesteChargeRemotePlan.jmx
2025-04-02 13:55:34,349 INFO o.a.j.s.FileServer: Set new base='C:\Users\Arnaud\Documents\Log\JMeterFolder\JMeterSelenium\demo\src\test\jmeter'
2025-04-02 13:55:34,730 INFO o.a.j.s.SaveService: Testplan (JMX) version: 2.2. Testlog (JTL) version: 2.2
2025-04-02 13:55:34,739 INFO o.a.j.s.SaveService: Using SaveService properties version 5.0
2025-04-02 13:55:34,742 INFO o.a.j.s.SaveService: Using SaveService properties file encoding UTF-8
2025-04-02 13:55:34,746 INFO o.a.j.s.SaveService: Loading file: C:\Users\Arnaud\Documents\Log\JMeterFolder\JMeterSelenium\demo\src\test\jmeter\TesteChargeRemotePlan.jmx
2025-04-02 13:55:34,806 INFO o.a.j.s.SampleResult: Note: Sample TimeStamps are START times
2025-04-02 13:55:34,806 INFO o.a.j.s.SampleResult: sampleresult.default.encoding is set to UTF-8
2025-04-02 13:55:34,806 INFO o.a.j.s.SampleResult: sampleresult.useNanoTime=true
2025-04-02 13:55:34,806 INFO o.a.j.s.SampleResult: sampleresult.nanoThreadSleep=5000
2025-04-02 13:55:35,114 INFO o.a.j.v.ViewResultsFullVisualizer: Add JavaFX to your Java installation if you want to use renderer: org.apache.jmeter.visualizers.RenderInBrowser
2025-04-02 13:55:35,281 INFO o.a.j.s.FileServer: Set new base='C:\Users\Arnaud\Documents\Log\JMeterFolder\JMeterSelenium\demo\src\test\jmeter'
